2022-09-03 12:35:42.506  INFO 38432 --- [restartedMain] com.tweetapp.demo.DemoApplication        : Starting DemoApplication using Java 1.8.0_332 on LTIN141971 with PID 38432 (C:\Users\841834\OneDrive - Cognizant\Documents\fse1_proj\java_backend\comp2REf_needed_ak\demo\target\classes started by 841834 in C:\Users\841834\OneDrive - Cognizant\Documents\fse1_proj\java_backend\comp2REf_needed_ak\demo)
2022-09-03 12:35:42.749  INFO 38432 --- [restartedMain] com.tweetapp.demo.DemoApplication        : No active profile set, falling back to 1 default profile: "default"
2022-09-03 12:35:42.844  INFO 38432 --- [restartedMain] .e.DevToolsPropertyDefaultsPostProcessor : Devtools property defaults active! Set 'spring.devtools.add-properties' to 'false' to disable
2022-09-03 12:35:42.845  INFO 38432 --- [restartedMain] .e.DevToolsPropertyDefaultsPostProcessor : For additional web related logging consider setting the 'logging.level.web' property to 'DEBUG'
2022-09-03 12:35:44.678  INFO 38432 --- [restartedMain] .s.d.r.c.RepositoryConfigurationDelegate : Bootstrapping Spring Data MongoDB repositories in DEFAULT mode.
2022-09-03 12:35:44.764  INFO 38432 --- [restartedMain] .s.d.r.c.RepositoryConfigurationDelegate : Finished Spring Data repository scanning in 78 ms. Found 2 MongoDB repository interfaces.
2022-09-03 12:35:45.912  INFO 38432 --- [restartedMain] o.s.b.w.embedded.tomcat.TomcatWebServer  : Tomcat initialized with port(s): 9000 (http)
2022-09-03 12:35:45.929  INFO 38432 --- [restartedMain] o.apache.catalina.core.StandardService   : Starting service [Tomcat]
2022-09-03 12:35:45.929  INFO 38432 --- [restartedMain] org.apache.catalina.core.StandardEngine  : Starting Servlet engine: [Apache Tomcat/9.0.65]
2022-09-03 12:35:46.095  INFO 38432 --- [restartedMain] o.a.c.c.C.[Tomcat].[localhost].[/]       : Initializing Spring embedded WebApplicationContext
2022-09-03 12:35:46.095  INFO 38432 --- [restartedMain] w.s.c.ServletWebServerApplicationContext : Root WebApplicationContext: initialization completed in 3249 ms
2022-09-03 12:35:46.724  INFO 38432 --- [restartedMain] org.mongodb.driver.client                : MongoClient with metadata {"driver": {"name": "mongo-java-driver|sync|spring-boot", "version": "4.6.1"}, "os": {"type": "Windows", "name": "Windows 10", "architecture": "amd64", "version": "10.0"}, "platform": "Java/Amazon.com Inc./1.8.0_332-b08"} created with settings MongoClientSettings{readPreference=primary, writeConcern=WriteConcern{w=null, wTimeout=null ms, journal=null}, retryWrites=true, retryReads=true, readConcern=ReadConcern{level=null}, credential=null, streamFactoryFactory=null, commandListeners=[io.micrometer.core.instrument.binder.mongodb.MongoMetricsCommandListener@60c9b2b3], codecRegistry=ProvidersCodecRegistry{codecProviders=[ValueCodecProvider{}, BsonValueCodecProvider{}, DBRefCodecProvider{}, DBObjectCodecProvider{}, DocumentCodecProvider{}, IterableCodecProvider{}, MapCodecProvider{}, GeoJsonCodecProvider{}, GridFSFileCodecProvider{}, Jsr310CodecProvider{}, JsonObjectCodecProvider{}, BsonCodecProvider{}, EnumCodecProvider{}, com.mongodb.Jep395RecordCodecProvider@78669860]}, clusterSettings={hosts=[localhost:27017], srvServiceName=mongodb, mode=SINGLE, requiredClusterType=UNKNOWN, requiredReplicaSetName='null', serverSelector='null', clusterListeners='[]', serverSelectionTimeout='30000 ms', localThreshold='30000 ms'}, socketSettings=SocketSettings{connectTimeoutMS=10000, readTimeoutMS=0, receiveBufferSize=0, sendBufferSize=0}, heartbeatSocketSettings=SocketSettings{connectTimeoutMS=10000, readTimeoutMS=10000, receiveBufferSize=0, sendBufferSize=0}, connectionPoolSettings=ConnectionPoolSettings{maxSize=100, minSize=0, maxWaitTimeMS=120000, maxConnectionLifeTimeMS=0, maxConnectionIdleTimeMS=0, maintenanceInitialDelayMS=0, maintenanceFrequencyMS=60000, connectionPoolListeners=[io.micrometer.core.instrument.binder.mongodb.MongoMetricsConnectionPoolListener@5ec11803], maxConnecting=2}, serverSettings=ServerSettings{heartbeatFrequencyMS=10000, minHeartbeatFrequencyMS=500, serverListeners='[]', serverMonitorListeners='[]'}, sslSettings=SslSettings{enabled=false, invalidHostNameAllowed=false, context=null}, applicationName='null', compressorList=[], uuidRepresentation=JAVA_LEGACY, serverApi=null, autoEncryptionSettings=null, contextProvider=null}
2022-09-03 12:35:46.745  INFO 38432 --- [cluster-rtt-ClusterId{value='6312fccab67dc070839f88b4', description='null'}-localhost:27017] org.mongodb.driver.connection            : Opened connection [connectionId{localValue:1, serverValue:156}] to localhost:27017
2022-09-03 12:35:46.748  INFO 38432 --- [cluster-ClusterId{value='6312fccab67dc070839f88b4', description='null'}-localhost:27017] org.mongodb.driver.connection            : Opened connection [connectionId{localValue:2, serverValue:157}] to localhost:27017
2022-09-03 12:35:46.749  INFO 38432 --- [cluster-ClusterId{value='6312fccab67dc070839f88b4', description='null'}-localhost:27017] org.mongodb.driver.cluster               : Monitor thread successfully connected to server with description ServerDescription{address=localhost:27017, type=STANDALONE, state=CONNECTED, ok=true, minWireVersion=0, maxWireVersion=9, maxDocumentSize=16777216, logicalSessionTimeoutMinutes=30, roundTripTimeNanos=55598100}
2022-09-03 12:35:47.535  INFO 38432 --- [restartedMain] o.s.b.d.a.OptionalLiveReloadServer       : LiveReload server is running on port 35729
2022-09-03 12:35:48.121  INFO 38432 --- [restartedMain] o.s.b.a.e.web.EndpointLinksResolver      : Exposing 1 endpoint(s) beneath base path '/actuator'
2022-09-03 12:35:48.420  WARN 38432 --- [restartedMain] o.s.s.c.a.web.builders.WebSecurity       : You are asking Spring Security to ignore Ant [pattern='/swagger-ui/**']. This is not recommended -- please use permitAll via HttpSecurity#authorizeHttpRequests instead.
2022-09-03 12:35:48.422  INFO 38432 --- [restartedMain] o.s.s.web.DefaultSecurityFilterChain     : Will not secure Ant [pattern='/swagger-ui/**']
2022-09-03 12:35:48.423  WARN 38432 --- [restartedMain] o.s.s.c.a.web.builders.WebSecurity       : You are asking Spring Security to ignore Ant [pattern='/v3/api-docs/**']. This is not recommended -- please use permitAll via HttpSecurity#authorizeHttpRequests instead.
2022-09-03 12:35:48.424  INFO 38432 --- [restartedMain] o.s.s.web.DefaultSecurityFilterChain     : Will not secure Ant [pattern='/v3/api-docs/**']
2022-09-03 12:35:48.424  WARN 38432 --- [restartedMain] o.s.s.c.a.web.builders.WebSecurity       : You are asking Spring Security to ignore Ant [pattern='/actuator/health/**']. This is not recommended -- please use permitAll via HttpSecurity#authorizeHttpRequests instead.
2022-09-03 12:35:48.425  INFO 38432 --- [restartedMain] o.s.s.web.DefaultSecurityFilterChain     : Will not secure Ant [pattern='/actuator/health/**']
2022-09-03 12:35:48.425  WARN 38432 --- [restartedMain] o.s.s.c.a.web.builders.WebSecurity       : You are asking Spring Security to ignore Ant [pattern='/actuator']. This is not recommended -- please use permitAll via HttpSecurity#authorizeHttpRequests instead.
2022-09-03 12:35:48.425  INFO 38432 --- [restartedMain] o.s.s.web.DefaultSecurityFilterChain     : Will not secure Ant [pattern='/actuator']
2022-09-03 12:35:49.756  INFO 38432 --- [restartedMain] o.s.s.web.DefaultSecurityFilterChain     : Will secure any request with [org.springframework.security.web.session.DisableEncodeUrlFilter@6e3f85e9, org.springframework.security.web.context.request.async.WebAsyncManagerIntegrationFilter@64dc0f4c, org.springframework.security.web.context.SecurityContextPersistenceFilter@31c22c49, org.springframework.security.web.header.HeaderWriterFilter@5a3bfe88, org.springframework.web.filter.CorsFilter@56fbe6a1, org.springframework.security.web.authentication.logout.LogoutFilter@45512b4b, com.tweetapp.demo.security.JwtRequestFilter@77bb6da9, org.springframework.security.web.savedrequest.RequestCacheAwareFilter@8d78729, org.springframework.security.web.servletapi.SecurityContextHolderAwareRequestFilter@400ee0a2, org.springframework.security.web.authentication.AnonymousAuthenticationFilter@3c06e5b1, org.springframework.security.web.session.SessionManagementFilter@22f339e2, org.springframework.security.web.access.ExceptionTranslationFilter@256453de, org.springframework.security.web.access.intercept.FilterSecurityInterceptor@2404e0fa]
2022-09-03 12:35:50.662  INFO 38432 --- [restartedMain] o.a.k.clients.admin.AdminClientConfig    : AdminClientConfig values: 
	bootstrap.servers = [localhost:9092]
	client.dns.lookup = use_all_dns_ips
	client.id = 
	connections.max.idle.ms = 300000
	default.api.timeout.ms = 60000
	metadata.max.age.ms = 300000
	metric.reporters = []
	metrics.num.samples = 2
	metrics.recording.level = INFO
	metrics.sample.window.ms = 30000
	receive.buffer.bytes = 65536
	reconnect.backoff.max.ms = 1000
	reconnect.backoff.ms = 50
	request.timeout.ms = 30000
	retries = 2147483647
	retry.backoff.ms = 100
	sasl.client.callback.handler.class = null
	sasl.jaas.config = null
	sasl.kerberos.kinit.cmd = /usr/bin/kinit
	sasl.kerberos.min.time.before.relogin = 60000
	sasl.kerberos.service.name = null
	sasl.kerberos.ticket.renew.jitter = 0.05
	sasl.kerberos.ticket.renew.window.factor = 0.8
	sasl.login.callback.handler.class = null
	sasl.login.class = null
	sasl.login.connect.timeout.ms = null
	sasl.login.read.timeout.ms = null
	sasl.login.refresh.buffer.seconds = 300
	sasl.login.refresh.min.period.seconds = 60
	sasl.login.refresh.window.factor = 0.8
	sasl.login.refresh.window.jitter = 0.05
	sasl.login.retry.backoff.max.ms = 10000
	sasl.login.retry.backoff.ms = 100
	sasl.mechanism = GSSAPI
	sasl.oauthbearer.clock.skew.seconds = 30
	sasl.oauthbearer.expected.audience = null
	sasl.oauthbearer.expected.issuer = null
	sasl.oauthbearer.jwks.endpoint.refresh.ms = 3600000
	sasl.oauthbearer.jwks.endpoint.retry.backoff.max.ms = 10000
	sasl.oauthbearer.jwks.endpoint.retry.backoff.ms = 100
	sasl.oauthbearer.jwks.endpoint.url = null
	sasl.oauthbearer.scope.claim.name = scope
	sasl.oauthbearer.sub.claim.name = sub
	sasl.oauthbearer.token.endpoint.url = null
	security.protocol = PLAINTEXT
	security.providers = null
	send.buffer.bytes = 131072
	socket.connection.setup.timeout.max.ms = 30000
	socket.connection.setup.timeout.ms = 10000
	ssl.cipher.suites = null
	ssl.enabled.protocols = [TLSv1.2]
	ssl.endpoint.identification.algorithm = https
	ssl.engine.factory.class = null
	ssl.key.password = null
	ssl.keymanager.algorithm = SunX509
	ssl.keystore.certificate.chain = null
	ssl.keystore.key = null
	ssl.keystore.location = null
	ssl.keystore.password = null
	ssl.keystore.type = JKS
	ssl.protocol = TLSv1.2
	ssl.provider = null
	ssl.secure.random.implementation = null
	ssl.trustmanager.algorithm = PKIX
	ssl.truststore.certificates = null
	ssl.truststore.location = null
	ssl.truststore.password = null
	ssl.truststore.type = JKS

2022-09-03 12:35:50.901  INFO 38432 --- [restartedMain] o.a.kafka.common.utils.AppInfoParser     : Kafka version: 3.1.1
2022-09-03 12:35:50.903  INFO 38432 --- [restartedMain] o.a.kafka.common.utils.AppInfoParser     : Kafka commitId: 97671528ba54a138
2022-09-03 12:35:50.903  INFO 38432 --- [restartedMain] o.a.kafka.common.utils.AppInfoParser     : Kafka startTimeMs: 1662188750898
2022-09-03 12:35:51.852  INFO 38432 --- [kafka-admin-client-thread | adminclient-1] o.a.kafka.common.utils.AppInfoParser     : App info kafka.admin.client for adminclient-1 unregistered
2022-09-03 12:35:51.885  INFO 38432 --- [kafka-admin-client-thread | adminclient-1] org.apache.kafka.common.metrics.Metrics  : Metrics scheduler closed
2022-09-03 12:35:51.887  INFO 38432 --- [kafka-admin-client-thread | adminclient-1] org.apache.kafka.common.metrics.Metrics  : Closing reporter org.apache.kafka.common.metrics.JmxReporter
2022-09-03 12:35:51.888  INFO 38432 --- [kafka-admin-client-thread | adminclient-1] org.apache.kafka.common.metrics.Metrics  : Metrics reporters closed
2022-09-03 12:35:52.310  INFO 38432 --- [restartedMain] o.a.k.clients.consumer.ConsumerConfig    : ConsumerConfig values: 
	allow.auto.create.topics = true
	auto.commit.interval.ms = 5000
	auto.offset.reset = earliest
	bootstrap.servers = [localhost:9092]
	check.crcs = true
	client.dns.lookup = use_all_dns_ips
	client.id = consumer-group_id-1
	client.rack = 
	connections.max.idle.ms = 540000
	default.api.timeout.ms = 60000
	enable.auto.commit = false
	exclude.internal.topics = true
	fetch.max.bytes = 52428800
	fetch.max.wait.ms = 500
	fetch.min.bytes = 1
	group.id = group_id
	group.instance.id = null
	heartbeat.interval.ms = 3000
	interceptor.classes = []
	internal.leave.group.on.close = true
	internal.throw.on.fetch.stable.offset.unsupported = false
	isolation.level = read_uncommitted
	key.deserializer = class org.apache.kafka.common.serialization.StringDeserializer
	max.partition.fetch.bytes = 1048576
	max.poll.interval.ms = 300000
	max.poll.records = 500
	metadata.max.age.ms = 300000
	metric.reporters = []
	metrics.num.samples = 2
	metrics.recording.level = INFO
	metrics.sample.window.ms = 30000
	partition.assignment.strategy = [class org.apache.kafka.clients.consumer.RangeAssignor, class org.apache.kafka.clients.consumer.CooperativeStickyAssignor]
	receive.buffer.bytes = 65536
	reconnect.backoff.max.ms = 1000
	reconnect.backoff.ms = 50
	request.timeout.ms = 30000
	retry.backoff.ms = 100
	sasl.client.callback.handler.class = null
	sasl.jaas.config = null
	sasl.kerberos.kinit.cmd = /usr/bin/kinit
	sasl.kerberos.min.time.before.relogin = 60000
	sasl.kerberos.service.name = null
	sasl.kerberos.ticket.renew.jitter = 0.05
	sasl.kerberos.ticket.renew.window.factor = 0.8
	sasl.login.callback.handler.class = null
	sasl.login.class = null
	sasl.login.connect.timeout.ms = null
	sasl.login.read.timeout.ms = null
	sasl.login.refresh.buffer.seconds = 300
	sasl.login.refresh.min.period.seconds = 60
	sasl.login.refresh.window.factor = 0.8
	sasl.login.refresh.window.jitter = 0.05
	sasl.login.retry.backoff.max.ms = 10000
	sasl.login.retry.backoff.ms = 100
	sasl.mechanism = GSSAPI
	sasl.oauthbearer.clock.skew.seconds = 30
	sasl.oauthbearer.expected.audience = null
	sasl.oauthbearer.expected.issuer = null
	sasl.oauthbearer.jwks.endpoint.refresh.ms = 3600000
	sasl.oauthbearer.jwks.endpoint.retry.backoff.max.ms = 10000
	sasl.oauthbearer.jwks.endpoint.retry.backoff.ms = 100
	sasl.oauthbearer.jwks.endpoint.url = null
	sasl.oauthbearer.scope.claim.name = scope
	sasl.oauthbearer.sub.claim.name = sub
	sasl.oauthbearer.token.endpoint.url = null
	security.protocol = PLAINTEXT
	security.providers = null
	send.buffer.bytes = 131072
	session.timeout.ms = 45000
	socket.connection.setup.timeout.max.ms = 30000
	socket.connection.setup.timeout.ms = 10000
	ssl.cipher.suites = null
	ssl.enabled.protocols = [TLSv1.2]
	ssl.endpoint.identification.algorithm = https
	ssl.engine.factory.class = null
	ssl.key.password = null
	ssl.keymanager.algorithm = SunX509
	ssl.keystore.certificate.chain = null
	ssl.keystore.key = null
	ssl.keystore.location = null
	ssl.keystore.password = null
	ssl.keystore.type = JKS
	ssl.protocol = TLSv1.2
	ssl.provider = null
	ssl.secure.random.implementation = null
	ssl.trustmanager.algorithm = PKIX
	ssl.truststore.certificates = null
	ssl.truststore.location = null
	ssl.truststore.password = null
	ssl.truststore.type = JKS
	value.deserializer = class org.apache.kafka.common.serialization.StringDeserializer

2022-09-03 12:35:52.367  INFO 38432 --- [restartedMain] o.a.kafka.common.utils.AppInfoParser     : Kafka version: 3.1.1
2022-09-03 12:35:52.367  INFO 38432 --- [restartedMain] o.a.kafka.common.utils.AppInfoParser     : Kafka commitId: 97671528ba54a138
2022-09-03 12:35:52.367  INFO 38432 --- [restartedMain] o.a.kafka.common.utils.AppInfoParser     : Kafka startTimeMs: 1662188752367
2022-09-03 12:35:52.390  INFO 38432 --- [restartedMain] o.a.k.clients.consumer.KafkaConsumer     : [Consumer clientId=consumer-group_id-1, groupId=group_id] Subscribed to topic(s): tweetTopic
2022-09-03 12:35:52.427  INFO 38432 --- [restartedMain] o.a.k.clients.consumer.ConsumerConfig    : ConsumerConfig values: 
	allow.auto.create.topics = true
	auto.commit.interval.ms = 5000
	auto.offset.reset = earliest
	bootstrap.servers = [localhost:9092]
	check.crcs = true
	client.dns.lookup = use_all_dns_ips
	client.id = consumer-group_id-2
	client.rack = 
	connections.max.idle.ms = 540000
	default.api.timeout.ms = 60000
	enable.auto.commit = false
	exclude.internal.topics = true
	fetch.max.bytes = 52428800
	fetch.max.wait.ms = 500
	fetch.min.bytes = 1
	group.id = group_id
	group.instance.id = null
	heartbeat.interval.ms = 3000
	interceptor.classes = []
	internal.leave.group.on.close = true
	internal.throw.on.fetch.stable.offset.unsupported = false
	isolation.level = read_uncommitted
	key.deserializer = class org.apache.kafka.common.serialization.StringDeserializer
	max.partition.fetch.bytes = 1048576
	max.poll.interval.ms = 300000
	max.poll.records = 500
	metadata.max.age.ms = 300000
	metric.reporters = []
	metrics.num.samples = 2
	metrics.recording.level = INFO
	metrics.sample.window.ms = 30000
	partition.assignment.strategy = [class org.apache.kafka.clients.consumer.RangeAssignor, class org.apache.kafka.clients.consumer.CooperativeStickyAssignor]
	receive.buffer.bytes = 65536
	reconnect.backoff.max.ms = 1000
	reconnect.backoff.ms = 50
	request.timeout.ms = 30000
	retry.backoff.ms = 100
	sasl.client.callback.handler.class = null
	sasl.jaas.config = null
	sasl.kerberos.kinit.cmd = /usr/bin/kinit
	sasl.kerberos.min.time.before.relogin = 60000
	sasl.kerberos.service.name = null
	sasl.kerberos.ticket.renew.jitter = 0.05
	sasl.kerberos.ticket.renew.window.factor = 0.8
	sasl.login.callback.handler.class = null
	sasl.login.class = null
	sasl.login.connect.timeout.ms = null
	sasl.login.read.timeout.ms = null
	sasl.login.refresh.buffer.seconds = 300
	sasl.login.refresh.min.period.seconds = 60
	sasl.login.refresh.window.factor = 0.8
	sasl.login.refresh.window.jitter = 0.05
	sasl.login.retry.backoff.max.ms = 10000
	sasl.login.retry.backoff.ms = 100
	sasl.mechanism = GSSAPI
	sasl.oauthbearer.clock.skew.seconds = 30
	sasl.oauthbearer.expected.audience = null
	sasl.oauthbearer.expected.issuer = null
	sasl.oauthbearer.jwks.endpoint.refresh.ms = 3600000
	sasl.oauthbearer.jwks.endpoint.retry.backoff.max.ms = 10000
	sasl.oauthbearer.jwks.endpoint.retry.backoff.ms = 100
	sasl.oauthbearer.jwks.endpoint.url = null
	sasl.oauthbearer.scope.claim.name = scope
	sasl.oauthbearer.sub.claim.name = sub
	sasl.oauthbearer.token.endpoint.url = null
	security.protocol = PLAINTEXT
	security.providers = null
	send.buffer.bytes = 131072
	session.timeout.ms = 45000
	socket.connection.setup.timeout.max.ms = 30000
	socket.connection.setup.timeout.ms = 10000
	ssl.cipher.suites = null
	ssl.enabled.protocols = [TLSv1.2]
	ssl.endpoint.identification.algorithm = https
	ssl.engine.factory.class = null
	ssl.key.password = null
	ssl.keymanager.algorithm = SunX509
	ssl.keystore.certificate.chain = null
	ssl.keystore.key = null
	ssl.keystore.location = null
	ssl.keystore.password = null
	ssl.keystore.type = JKS
	ssl.protocol = TLSv1.2
	ssl.provider = null
	ssl.secure.random.implementation = null
	ssl.trustmanager.algorithm = PKIX
	ssl.truststore.certificates = null
	ssl.truststore.location = null
	ssl.truststore.password = null
	ssl.truststore.type = JKS
	value.deserializer = class org.apache.kafka.common.serialization.StringDeserializer

2022-09-03 12:35:52.455  INFO 38432 --- [restartedMain] o.a.kafka.common.utils.AppInfoParser     : Kafka version: 3.1.1
2022-09-03 12:35:52.457  INFO 38432 --- [restartedMain] o.a.kafka.common.utils.AppInfoParser     : Kafka commitId: 97671528ba54a138
2022-09-03 12:35:52.457  INFO 38432 --- [restartedMain] o.a.kafka.common.utils.AppInfoParser     : Kafka startTimeMs: 1662188752455
2022-09-03 12:35:52.472  INFO 38432 --- [restartedMain] o.a.k.clients.consumer.KafkaConsumer     : [Consumer clientId=consumer-group_id-2, groupId=group_id] Subscribed to topic(s): deleteTopic
2022-09-03 12:35:52.643  INFO 38432 --- [org.springframework.kafka.KafkaListenerEndpointContainer#0-0-C-1] org.apache.kafka.clients.Metadata        : [Consumer clientId=consumer-group_id-1, groupId=group_id] Resetting the last seen epoch of partition tweetTopic-0 to 0 since the associated topicId changed from null to Jy8etpO3QdiVqSaaam_HvA
2022-09-03 12:35:52.643  INFO 38432 --- [org.springframework.kafka.KafkaListenerEndpointContainer#1-0-C-1] org.apache.kafka.clients.Metadata        : [Consumer clientId=consumer-group_id-2, groupId=group_id] Resetting the last seen epoch of partition deleteTopic-0 to 0 since the associated topicId changed from null to eXgFDdejSaO0gtmTGpJBrw
2022-09-03 12:35:52.732  INFO 38432 --- [org.springframework.kafka.KafkaListenerEndpointContainer#0-0-C-1] org.apache.kafka.clients.Metadata        : [Consumer clientId=consumer-group_id-1, groupId=group_id] Cluster ID: No6Cf1pBTSaOIUFp1QU7IQ
2022-09-03 12:35:52.734  INFO 38432 --- [org.springframework.kafka.KafkaListenerEndpointContainer#0-0-C-1] o.a.k.c.c.internals.ConsumerCoordinator  : [Consumer clientId=consumer-group_id-1, groupId=group_id] Discovered group coordinator LTIN141971.cts.com:9092 (id: 2147483647 rack: null)
2022-09-03 12:35:52.738  INFO 38432 --- [org.springframework.kafka.KafkaListenerEndpointContainer#1-0-C-1] org.apache.kafka.clients.Metadata        : [Consumer clientId=consumer-group_id-2, groupId=group_id] Cluster ID: No6Cf1pBTSaOIUFp1QU7IQ
2022-09-03 12:35:52.739  INFO 38432 --- [org.springframework.kafka.KafkaListenerEndpointContainer#1-0-C-1] o.a.k.c.c.internals.ConsumerCoordinator  : [Consumer clientId=consumer-group_id-2, groupId=group_id] Discovered group coordinator LTIN141971.cts.com:9092 (id: 2147483647 rack: null)
2022-09-03 12:35:52.743  INFO 38432 --- [org.springframework.kafka.KafkaListenerEndpointContainer#1-0-C-1] o.a.k.c.c.internals.ConsumerCoordinator  : [Consumer clientId=consumer-group_id-2, groupId=group_id] (Re-)joining group
2022-09-03 12:35:52.743  INFO 38432 --- [org.springframework.kafka.KafkaListenerEndpointContainer#0-0-C-1] o.a.k.c.c.internals.ConsumerCoordinator  : [Consumer clientId=consumer-group_id-1, groupId=group_id] (Re-)joining group
2022-09-03 12:35:52.771  INFO 38432 --- [restartedMain] o.s.b.w.embedded.tomcat.TomcatWebServer  : Tomcat started on port(s): 9000 (http) with context path ''
2022-09-03 12:35:52.846  INFO 38432 --- [org.springframework.kafka.KafkaListenerEndpointContainer#1-0-C-1] o.a.k.c.c.internals.ConsumerCoordinator  : [Consumer clientId=consumer-group_id-2, groupId=group_id] Request joining group due to: need to re-join with the given member-id
2022-09-03 12:35:52.848  INFO 38432 --- [org.springframework.kafka.KafkaListenerEndpointContainer#1-0-C-1] o.a.k.c.c.internals.ConsumerCoordinator  : [Consumer clientId=consumer-group_id-2, groupId=group_id] (Re-)joining group
2022-09-03 12:35:52.854  INFO 38432 --- [org.springframework.kafka.KafkaListenerEndpointContainer#0-0-C-1] o.a.k.c.c.internals.ConsumerCoordinator  : [Consumer clientId=consumer-group_id-1, groupId=group_id] Request joining group due to: need to re-join with the given member-id
2022-09-03 12:35:52.855  INFO 38432 --- [org.springframework.kafka.KafkaListenerEndpointContainer#0-0-C-1] o.a.k.c.c.internals.ConsumerCoordinator  : [Consumer clientId=consumer-group_id-1, groupId=group_id] (Re-)joining group
2022-09-03 12:35:52.953  INFO 38432 --- [org.springframework.kafka.KafkaListenerEndpointContainer#1-0-C-1] o.a.k.c.c.internals.ConsumerCoordinator  : [Consumer clientId=consumer-group_id-2, groupId=group_id] Successfully joined group with generation Generation{generationId=16, memberId='consumer-group_id-2-6aa3e1e5-fcbb-45fc-a972-452b27c0a202', protocol='range'}
2022-09-03 12:35:52.972  INFO 38432 --- [org.springframework.kafka.KafkaListenerEndpointContainer#0-0-C-1] o.a.k.c.c.internals.ConsumerCoordinator  : [Consumer clientId=consumer-group_id-1, groupId=group_id] Successfully joined group with generation Generation{generationId=16, memberId='consumer-group_id-1-4d367dcf-7a6a-4e30-84ad-fd362f274d6b', protocol='range'}
2022-09-03 12:35:52.992  INFO 38432 --- [org.springframework.kafka.KafkaListenerEndpointContainer#1-0-C-1] org.apache.kafka.clients.Metadata        : [Consumer clientId=consumer-group_id-2, groupId=group_id] Resetting the last seen epoch of partition tweetTopic-0 to 0 since the associated topicId changed from null to Jy8etpO3QdiVqSaaam_HvA
2022-09-03 12:35:52.998  INFO 38432 --- [org.springframework.kafka.KafkaListenerEndpointContainer#1-0-C-1] o.a.k.c.c.internals.ConsumerCoordinator  : [Consumer clientId=consumer-group_id-2, groupId=group_id] Finished assignment for group at generation 16: {consumer-group_id-1-4d367dcf-7a6a-4e30-84ad-fd362f274d6b=Assignment(partitions=[tweetTopic-0]), consumer-group_id-2-6aa3e1e5-fcbb-45fc-a972-452b27c0a202=Assignment(partitions=[deleteTopic-0])}
2022-09-03 12:35:53.011  INFO 38432 --- [restartedMain] com.tweetapp.demo.DemoApplication        : Started DemoApplication in 11.496 seconds (JVM running for 12.422)
2022-09-03 12:35:53.113  INFO 38432 --- [org.springframework.kafka.KafkaListenerEndpointContainer#1-0-C-1] o.a.k.c.c.internals.ConsumerCoordinator  : [Consumer clientId=consumer-group_id-2, groupId=group_id] Successfully synced group in generation Generation{generationId=16, memberId='consumer-group_id-2-6aa3e1e5-fcbb-45fc-a972-452b27c0a202', protocol='range'}
2022-09-03 12:35:53.115  INFO 38432 --- [org.springframework.kafka.KafkaListenerEndpointContainer#1-0-C-1] o.a.k.c.c.internals.ConsumerCoordinator  : [Consumer clientId=consumer-group_id-2, groupId=group_id] Notifying assignor about the new Assignment(partitions=[deleteTopic-0])
2022-09-03 12:35:53.116  INFO 38432 --- [org.springframework.kafka.KafkaListenerEndpointContainer#0-0-C-1] o.a.k.c.c.internals.ConsumerCoordinator  : [Consumer clientId=consumer-group_id-1, groupId=group_id] Successfully synced group in generation Generation{generationId=16, memberId='consumer-group_id-1-4d367dcf-7a6a-4e30-84ad-fd362f274d6b', protocol='range'}
2022-09-03 12:35:53.117  INFO 38432 --- [org.springframework.kafka.KafkaListenerEndpointContainer#0-0-C-1] o.a.k.c.c.internals.ConsumerCoordinator  : [Consumer clientId=consumer-group_id-1, groupId=group_id] Notifying assignor about the new Assignment(partitions=[tweetTopic-0])
2022-09-03 12:35:53.122  INFO 38432 --- [org.springframework.kafka.KafkaListenerEndpointContainer#1-0-C-1] o.a.k.c.c.internals.ConsumerCoordinator  : [Consumer clientId=consumer-group_id-2, groupId=group_id] Adding newly assigned partitions: deleteTopic-0
2022-09-03 12:35:53.122  INFO 38432 --- [org.springframework.kafka.KafkaListenerEndpointContainer#0-0-C-1] o.a.k.c.c.internals.ConsumerCoordinator  : [Consumer clientId=consumer-group_id-1, groupId=group_id] Adding newly assigned partitions: tweetTopic-0
2022-09-03 12:35:53.150  INFO 38432 --- [org.springframework.kafka.KafkaListenerEndpointContainer#1-0-C-1] o.a.k.c.c.internals.ConsumerCoordinator  : [Consumer clientId=consumer-group_id-2, groupId=group_id] Found no committed offset for partition deleteTopic-0
2022-09-03 12:35:53.158  INFO 38432 --- [org.springframework.kafka.KafkaListenerEndpointContainer#0-0-C-1] o.a.k.c.c.internals.ConsumerCoordinator  : [Consumer clientId=consumer-group_id-1, groupId=group_id] Setting offset for partition tweetTopic-0 to the committed offset FetchPosition{offset=1, offsetEpoch=Optional.empty, currentLeader=LeaderAndEpoch{leader=Optional[LTIN141971.cts.com:9092 (id: 0 rack: null)], epoch=0}}
2022-09-03 12:35:53.159  INFO 38432 --- [org.springframework.kafka.KafkaListenerEndpointContainer#0-0-C-1] o.s.k.l.KafkaMessageListenerContainer    : group_id: partitions assigned: [tweetTopic-0]
2022-09-03 12:35:53.191  INFO 38432 --- [org.springframework.kafka.KafkaListenerEndpointContainer#1-0-C-1] o.a.k.c.c.internals.SubscriptionState    : [Consumer clientId=consumer-group_id-2, groupId=group_id] Resetting offset for partition deleteTopic-0 to position FetchPosition{offset=0, offsetEpoch=Optional.empty, currentLeader=LeaderAndEpoch{leader=Optional[LTIN141971.cts.com:9092 (id: 0 rack: null)], epoch=0}}.
2022-09-03 12:35:53.191  INFO 38432 --- [org.springframework.kafka.KafkaListenerEndpointContainer#1-0-C-1] o.s.k.l.KafkaMessageListenerContainer    : group_id: partitions assigned: [deleteTopic-0]
2022-09-03 12:39:00.149  INFO 38432 --- [http-nio-9000-exec-2] o.a.c.c.C.[Tomcat].[localhost].[/]       : Initializing Spring DispatcherServlet 'dispatcherServlet'
2022-09-03 12:39:00.150  INFO 38432 --- [http-nio-9000-exec-2] o.s.web.servlet.DispatcherServlet        : Initializing Servlet 'dispatcherServlet'
2022-09-03 12:39:00.154  INFO 38432 --- [http-nio-9000-exec-2] o.s.web.servlet.DispatcherServlet        : Completed initialization in 4 ms
2022-09-03 12:39:00.223  WARN 38432 --- [http-nio-9000-exec-3] c.t.demo.security.JwtRequestFilter       : JWT Token does not begin with Bearer String
2022-09-03 12:39:00.676  INFO 38432 --- [http-nio-9000-exec-3] org.mongodb.driver.connection            : Opened connection [connectionId{localValue:3, serverValue:158}] to localhost:27017
2022-09-03 12:39:32.118  WARN 38432 --- [http-nio-9000-exec-6] c.t.demo.security.JwtRequestFilter       : JWT Token does not begin with Bearer String
2022-09-03 12:39:32.614  WARN 38432 --- [http-nio-9000-exec-9] c.t.demo.security.JwtRequestFilter       : JWT Token does not begin with Bearer String
2022-09-03 12:39:32.618  WARN 38432 --- [http-nio-9000-exec-5] c.t.demo.security.JwtRequestFilter       : JWT Token does not begin with Bearer String
2022-09-03 12:39:32.618  WARN 38432 --- [http-nio-9000-exec-7] c.t.demo.security.JwtRequestFilter       : JWT Token does not begin with Bearer String
2022-09-03 12:39:32.620  WARN 38432 --- [http-nio-9000-exec-8] c.t.demo.security.JwtRequestFilter       : JWT Token does not begin with Bearer String
2022-09-03 12:39:32.624  WARN 38432 --- [http-nio-9000-exec-2] c.t.demo.security.JwtRequestFilter       : JWT Token does not begin with Bearer String
2022-09-03 12:39:32.889  WARN 38432 --- [http-nio-9000-exec-3] c.t.demo.security.JwtRequestFilter       : JWT Token does not begin with Bearer String
2022-09-03 12:39:32.920  WARN 38432 --- [http-nio-9000-exec-1] c.t.demo.security.JwtRequestFilter       : JWT Token does not begin with Bearer String
2022-09-03 12:39:32.952  WARN 38432 --- [http-nio-9000-exec-4] c.t.demo.security.JwtRequestFilter       : JWT Token does not begin with Bearer String
2022-09-03 12:39:33.474  INFO 38432 --- [http-nio-9000-exec-4] o.springdoc.api.AbstractOpenApiResource  : Init duration for springdoc-openapi is: 497 ms
2022-09-03 12:44:53.139  INFO 38432 --- [org.springframework.kafka.KafkaListenerEndpointContainer#0-0-C-1] org.apache.kafka.clients.NetworkClient   : [Consumer clientId=consumer-group_id-1, groupId=group_id] Node -1 disconnected.
2022-09-03 12:44:53.139  INFO 38432 --- [org.springframework.kafka.KafkaListenerEndpointContainer#1-0-C-1] org.apache.kafka.clients.NetworkClient   : [Consumer clientId=consumer-group_id-2, groupId=group_id] Node -1 disconnected.
2022-09-03 13:29:36.547  INFO 38432 --- [http-nio-9000-exec-3] org.mongodb.driver.connection            : Opened connection [connectionId{localValue:4, serverValue:159}] to localhost:27017
2022-09-03 13:30:41.296  WARN 38432 --- [http-nio-9000-exec-6] c.t.demo.security.JwtRequestFilter       : JWT Token does not begin with Bearer String
2022-09-03 13:30:41.334  WARN 38432 --- [http-nio-9000-exec-6] .m.m.a.ExceptionHandlerExceptionResolver : Resolved [com.tweetapp.demo.exceptions.ResourceNotFoundException: user not found]
2022-09-03 13:32:27.453  WARN 38432 --- [http-nio-9000-exec-8] c.t.demo.security.JwtRequestFilter       : JWT Token does not begin with Bearer String
2022-09-03 13:32:27.470  WARN 38432 --- [http-nio-9000-exec-8] .m.m.a.ExceptionHandlerExceptionResolver : Resolved [com.tweetapp.demo.exceptions.ResourceNotFoundException: user not found]
2022-09-03 13:32:31.768  WARN 38432 --- [http-nio-9000-exec-3] c.t.demo.security.JwtRequestFilter       : JWT Token does not begin with Bearer String
2022-09-03 13:34:04.921  INFO 39092 --- [restartedMain] com.tweetapp.demo.DemoApplication        : Starting DemoApplication using Java 1.8.0_332 on LTIN141971 with PID 39092 (C:\Users\841834\OneDrive - Cognizant\Documents\fse1_proj\java_backend\comp2REf_needed_ak\demo\target\classes started by 841834 in C:\Users\841834\OneDrive - Cognizant\Documents\fse1_proj\java_backend\comp2REf_needed_ak\demo)
2022-09-03 13:34:04.926  INFO 39092 --- [restartedMain] com.tweetapp.demo.DemoApplication        : No active profile set, falling back to 1 default profile: "default"
2022-09-03 13:34:05.092  INFO 39092 --- [restartedMain] .e.DevToolsPropertyDefaultsPostProcessor : Devtools property defaults active! Set 'spring.devtools.add-properties' to 'false' to disable
2022-09-03 13:34:05.093  INFO 39092 --- [restartedMain] .e.DevToolsPropertyDefaultsPostProcessor : For additional web related logging consider setting the 'logging.level.web' property to 'DEBUG'
2022-09-03 13:34:07.349  INFO 39092 --- [restartedMain] .s.d.r.c.RepositoryConfigurationDelegate : Bootstrapping Spring Data MongoDB repositories in DEFAULT mode.
2022-09-03 13:34:07.474  INFO 39092 --- [restartedMain] .s.d.r.c.RepositoryConfigurationDelegate : Finished Spring Data repository scanning in 116 ms. Found 2 MongoDB repository interfaces.
2022-09-03 13:34:09.088  INFO 39092 --- [restartedMain] o.s.b.w.embedded.tomcat.TomcatWebServer  : Tomcat initialized with port(s): 9000 (http)
2022-09-03 13:34:09.118  INFO 39092 --- [restartedMain] o.apache.catalina.core.StandardService   : Starting service [Tomcat]
2022-09-03 13:34:09.119  INFO 39092 --- [restartedMain] org.apache.catalina.core.StandardEngine  : Starting Servlet engine: [Apache Tomcat/9.0.65]
2022-09-03 13:34:09.352  INFO 39092 --- [restartedMain] o.a.c.c.C.[Tomcat].[localhost].[/]       : Initializing Spring embedded WebApplicationContext
2022-09-03 13:34:09.353  INFO 39092 --- [restartedMain] w.s.c.ServletWebServerApplicationContext : Root WebApplicationContext: initialization completed in 4259 ms
2022-09-03 13:34:10.243  INFO 39092 --- [restartedMain] org.mongodb.driver.client                : MongoClient with metadata {"driver": {"name": "mongo-java-driver|sync|spring-boot", "version": "4.6.1"}, "os": {"type": "Windows", "name": "Windows 10", "architecture": "amd64", "version": "10.0"}, "platform": "Java/Amazon.com Inc./1.8.0_332-b08"} created with settings MongoClientSettings{readPreference=primary, writeConcern=WriteConcern{w=null, wTimeout=null ms, journal=null}, retryWrites=true, retryReads=true, readConcern=ReadConcern{level=null}, credential=null, streamFactoryFactory=null, commandListeners=[io.micrometer.core.instrument.binder.mongodb.MongoMetricsCommandListener@1b056285], codecRegistry=ProvidersCodecRegistry{codecProviders=[ValueCodecProvider{}, BsonValueCodecProvider{}, DBRefCodecProvider{}, DBObjectCodecProvider{}, DocumentCodecProvider{}, IterableCodecProvider{}, MapCodecProvider{}, GeoJsonCodecProvider{}, GridFSFileCodecProvider{}, Jsr310CodecProvider{}, JsonObjectCodecProvider{}, BsonCodecProvider{}, EnumCodecProvider{}, com.mongodb.Jep395RecordCodecProvider@3c7ca844]}, clusterSettings={hosts=[localhost:27017], srvServiceName=mongodb, mode=SINGLE, requiredClusterType=UNKNOWN, requiredReplicaSetName='null', serverSelector='null', clusterListeners='[]', serverSelectionTimeout='30000 ms', localThreshold='30000 ms'}, socketSettings=SocketSettings{connectTimeoutMS=10000, readTimeoutMS=0, receiveBufferSize=0, sendBufferSize=0}, heartbeatSocketSettings=SocketSettings{connectTimeoutMS=10000, readTimeoutMS=10000, receiveBufferSize=0, sendBufferSize=0}, connectionPoolSettings=ConnectionPoolSettings{maxSize=100, minSize=0, maxWaitTimeMS=120000, maxConnectionLifeTimeMS=0, maxConnectionIdleTimeMS=0, maintenanceInitialDelayMS=0, maintenanceFrequencyMS=60000, connectionPoolListeners=[io.micrometer.core.instrument.binder.mongodb.MongoMetricsConnectionPoolListener@62adc277], maxConnecting=2}, serverSettings=ServerSettings{heartbeatFrequencyMS=10000, minHeartbeatFrequencyMS=500, serverListeners='[]', serverMonitorListeners='[]'}, sslSettings=SslSettings{enabled=false, invalidHostNameAllowed=false, context=null}, applicationName='null', compressorList=[], uuidRepresentation=JAVA_LEGACY, serverApi=null, autoEncryptionSettings=null, contextProvider=null}
2022-09-03 13:34:10.262  INFO 39092 --- [cluster-rtt-ClusterId{value='63130a7aa0882d62e234889b', description='null'}-localhost:27017] org.mongodb.driver.connection            : Opened connection [connectionId{localValue:1, serverValue:160}] to localhost:27017
2022-09-03 13:34:10.262  INFO 39092 --- [cluster-ClusterId{value='63130a7aa0882d62e234889b', description='null'}-localhost:27017] org.mongodb.driver.connection            : Opened connection [connectionId{localValue:2, serverValue:161}] to localhost:27017
2022-09-03 13:34:10.263  INFO 39092 --- [cluster-ClusterId{value='63130a7aa0882d62e234889b', description='null'}-localhost:27017] org.mongodb.driver.cluster               : Monitor thread successfully connected to server with description ServerDescription{address=localhost:27017, type=STANDALONE, state=CONNECTED, ok=true, minWireVersion=0, maxWireVersion=9, maxDocumentSize=16777216, logicalSessionTimeoutMinutes=30, roundTripTimeNanos=60786900}
2022-09-03 13:34:11.217  INFO 39092 --- [restartedMain] o.s.b.d.a.OptionalLiveReloadServer       : LiveReload server is running on port 35729
2022-09-03 13:34:11.963  INFO 39092 --- [restartedMain] o.s.b.a.e.web.EndpointLinksResolver      : Exposing 1 endpoint(s) beneath base path '/actuator'
2022-09-03 13:34:12.354  WARN 39092 --- [restartedMain] o.s.s.c.a.web.builders.WebSecurity       : You are asking Spring Security to ignore Ant [pattern='/swagger-ui/**']. This is not recommended -- please use permitAll via HttpSecurity#authorizeHttpRequests instead.
2022-09-03 13:34:12.355  INFO 39092 --- [restartedMain] o.s.s.web.DefaultSecurityFilterChain     : Will not secure Ant [pattern='/swagger-ui/**']
2022-09-03 13:34:12.356  WARN 39092 --- [restartedMain] o.s.s.c.a.web.builders.WebSecurity       : You are asking Spring Security to ignore Ant [pattern='/v3/api-docs/**']. This is not recommended -- please use permitAll via HttpSecurity#authorizeHttpRequests instead.
2022-09-03 13:34:12.357  INFO 39092 --- [restartedMain] o.s.s.web.DefaultSecurityFilterChain     : Will not secure Ant [pattern='/v3/api-docs/**']
2022-09-03 13:34:12.357  WARN 39092 --- [restartedMain] o.s.s.c.a.web.builders.WebSecurity       : You are asking Spring Security to ignore Ant [pattern='/actuator/health/**']. This is not recommended -- please use permitAll via HttpSecurity#authorizeHttpRequests instead.
2022-09-03 13:34:12.357  INFO 39092 --- [restartedMain] o.s.s.web.DefaultSecurityFilterChain     : Will not secure Ant [pattern='/actuator/health/**']
2022-09-03 13:34:12.358  WARN 39092 --- [restartedMain] o.s.s.c.a.web.builders.WebSecurity       : You are asking Spring Security to ignore Ant [pattern='/actuator']. This is not recommended -- please use permitAll via HttpSecurity#authorizeHttpRequests instead.
2022-09-03 13:34:12.358  INFO 39092 --- [restartedMain] o.s.s.web.DefaultSecurityFilterChain     : Will not secure Ant [pattern='/actuator']
2022-09-03 13:34:13.922  INFO 39092 --- [restartedMain] o.s.s.web.DefaultSecurityFilterChain     : Will secure any request with [org.springframework.security.web.session.DisableEncodeUrlFilter@1099f0b, org.springframework.security.web.context.request.async.WebAsyncManagerIntegrationFilter@5cc617e, org.springframework.security.web.context.SecurityContextPersistenceFilter@12cc961f, org.springframework.security.web.header.HeaderWriterFilter@2b1e0fd0, org.springframework.web.filter.CorsFilter@5f07eca2, org.springframework.security.web.authentication.logout.LogoutFilter@66b91844, com.tweetapp.demo.security.JwtRequestFilter@8c38626, org.springframework.security.web.savedrequest.RequestCacheAwareFilter@66ddc87f, org.springframework.security.web.servletapi.SecurityContextHolderAwareRequestFilter@5b512d76, org.springframework.security.web.authentication.AnonymousAuthenticationFilter@44e048cd, org.springframework.security.web.session.SessionManagementFilter@62ced5b8, org.springframework.security.web.access.ExceptionTranslationFilter@7fca53ea, org.springframework.security.web.access.intercept.FilterSecurityInterceptor@c1d3e7]
2022-09-03 13:34:14.736  INFO 39092 --- [restartedMain] o.a.k.clients.admin.AdminClientConfig    : AdminClientConfig values: 
	bootstrap.servers = [localhost:9092]
	client.dns.lookup = use_all_dns_ips
	client.id = 
	connections.max.idle.ms = 300000
	default.api.timeout.ms = 60000
	metadata.max.age.ms = 300000
	metric.reporters = []
	metrics.num.samples = 2
	metrics.recording.level = INFO
	metrics.sample.window.ms = 30000
	receive.buffer.bytes = 65536
	reconnect.backoff.max.ms = 1000
	reconnect.backoff.ms = 50
	request.timeout.ms = 30000
	retries = 2147483647
	retry.backoff.ms = 100
	sasl.client.callback.handler.class = null
	sasl.jaas.config = null
	sasl.kerberos.kinit.cmd = /usr/bin/kinit
	sasl.kerberos.min.time.before.relogin = 60000
	sasl.kerberos.service.name = null
	sasl.kerberos.ticket.renew.jitter = 0.05
	sasl.kerberos.ticket.renew.window.factor = 0.8
	sasl.login.callback.handler.class = null
	sasl.login.class = null
	sasl.login.connect.timeout.ms = null
	sasl.login.read.timeout.ms = null
	sasl.login.refresh.buffer.seconds = 300
	sasl.login.refresh.min.period.seconds = 60
	sasl.login.refresh.window.factor = 0.8
	sasl.login.refresh.window.jitter = 0.05
	sasl.login.retry.backoff.max.ms = 10000
	sasl.login.retry.backoff.ms = 100
	sasl.mechanism = GSSAPI
	sasl.oauthbearer.clock.skew.seconds = 30
	sasl.oauthbearer.expected.audience = null
	sasl.oauthbearer.expected.issuer = null
	sasl.oauthbearer.jwks.endpoint.refresh.ms = 3600000
	sasl.oauthbearer.jwks.endpoint.retry.backoff.max.ms = 10000
	sasl.oauthbearer.jwks.endpoint.retry.backoff.ms = 100
	sasl.oauthbearer.jwks.endpoint.url = null
	sasl.oauthbearer.scope.claim.name = scope
	sasl.oauthbearer.sub.claim.name = sub
	sasl.oauthbearer.token.endpoint.url = null
	security.protocol = PLAINTEXT
	security.providers = null
	send.buffer.bytes = 131072
	socket.connection.setup.timeout.max.ms = 30000
	socket.connection.setup.timeout.ms = 10000
	ssl.cipher.suites = null
	ssl.enabled.protocols = [TLSv1.2]
	ssl.endpoint.identification.algorithm = https
	ssl.engine.factory.class = null
	ssl.key.password = null
	ssl.keymanager.algorithm = SunX509
	ssl.keystore.certificate.chain = null
	ssl.keystore.key = null
	ssl.keystore.location = null
	ssl.keystore.password = null
	ssl.keystore.type = JKS
	ssl.protocol = TLSv1.2
	ssl.provider = null
	ssl.secure.random.implementation = null
	ssl.trustmanager.algorithm = PKIX
	ssl.truststore.certificates = null
	ssl.truststore.location = null
	ssl.truststore.password = null
	ssl.truststore.type = JKS

2022-09-03 13:34:15.054  INFO 39092 --- [restartedMain] o.a.kafka.common.utils.AppInfoParser     : Kafka version: 3.1.1
2022-09-03 13:34:15.058  INFO 39092 --- [restartedMain] o.a.kafka.common.utils.AppInfoParser     : Kafka commitId: 97671528ba54a138
2022-09-03 13:34:15.059  INFO 39092 --- [restartedMain] o.a.kafka.common.utils.AppInfoParser     : Kafka startTimeMs: 1662192255049
2022-09-03 13:34:16.229  INFO 39092 --- [kafka-admin-client-thread | adminclient-1] o.a.kafka.common.utils.AppInfoParser     : App info kafka.admin.client for adminclient-1 unregistered
2022-09-03 13:34:16.238  INFO 39092 --- [kafka-admin-client-thread | adminclient-1] org.apache.kafka.common.metrics.Metrics  : Metrics scheduler closed
2022-09-03 13:34:16.239  INFO 39092 --- [kafka-admin-client-thread | adminclient-1] org.apache.kafka.common.metrics.Metrics  : Closing reporter org.apache.kafka.common.metrics.JmxReporter
2022-09-03 13:34:16.239  INFO 39092 --- [kafka-admin-client-thread | adminclient-1] org.apache.kafka.common.metrics.Metrics  : Metrics reporters closed
2022-09-03 13:34:16.317  INFO 39092 --- [restartedMain] o.a.k.clients.consumer.ConsumerConfig    : ConsumerConfig values: 
	allow.auto.create.topics = true
	auto.commit.interval.ms = 5000
	auto.offset.reset = earliest
	bootstrap.servers = [localhost:9092]
	check.crcs = true
	client.dns.lookup = use_all_dns_ips
	client.id = consumer-group_id-1
	client.rack = 
	connections.max.idle.ms = 540000
	default.api.timeout.ms = 60000
	enable.auto.commit = false
	exclude.internal.topics = true
	fetch.max.bytes = 52428800
	fetch.max.wait.ms = 500
	fetch.min.bytes = 1
	group.id = group_id
	group.instance.id = null
	heartbeat.interval.ms = 3000
	interceptor.classes = []
	internal.leave.group.on.close = true
	internal.throw.on.fetch.stable.offset.unsupported = false
	isolation.level = read_uncommitted
	key.deserializer = class org.apache.kafka.common.serialization.StringDeserializer
	max.partition.fetch.bytes = 1048576
	max.poll.interval.ms = 300000
	max.poll.records = 500
	metadata.max.age.ms = 300000
	metric.reporters = []
	metrics.num.samples = 2
	metrics.recording.level = INFO
	metrics.sample.window.ms = 30000
	partition.assignment.strategy = [class org.apache.kafka.clients.consumer.RangeAssignor, class org.apache.kafka.clients.consumer.CooperativeStickyAssignor]
	receive.buffer.bytes = 65536
	reconnect.backoff.max.ms = 1000
	reconnect.backoff.ms = 50
	request.timeout.ms = 30000
	retry.backoff.ms = 100
	sasl.client.callback.handler.class = null
	sasl.jaas.config = null
	sasl.kerberos.kinit.cmd = /usr/bin/kinit
	sasl.kerberos.min.time.before.relogin = 60000
	sasl.kerberos.service.name = null
	sasl.kerberos.ticket.renew.jitter = 0.05
	sasl.kerberos.ticket.renew.window.factor = 0.8
	sasl.login.callback.handler.class = null
	sasl.login.class = null
	sasl.login.connect.timeout.ms = null
	sasl.login.read.timeout.ms = null
	sasl.login.refresh.buffer.seconds = 300
	sasl.login.refresh.min.period.seconds = 60
	sasl.login.refresh.window.factor = 0.8
	sasl.login.refresh.window.jitter = 0.05
	sasl.login.retry.backoff.max.ms = 10000
	sasl.login.retry.backoff.ms = 100
	sasl.mechanism = GSSAPI
	sasl.oauthbearer.clock.skew.seconds = 30
	sasl.oauthbearer.expected.audience = null
	sasl.oauthbearer.expected.issuer = null
	sasl.oauthbearer.jwks.endpoint.refresh.ms = 3600000
	sasl.oauthbearer.jwks.endpoint.retry.backoff.max.ms = 10000
	sasl.oauthbearer.jwks.endpoint.retry.backoff.ms = 100
	sasl.oauthbearer.jwks.endpoint.url = null
	sasl.oauthbearer.scope.claim.name = scope
	sasl.oauthbearer.sub.claim.name = sub
	sasl.oauthbearer.token.endpoint.url = null
	security.protocol = PLAINTEXT
	security.providers = null
	send.buffer.bytes = 131072
	session.timeout.ms = 45000
	socket.connection.setup.timeout.max.ms = 30000
	socket.connection.setup.timeout.ms = 10000
	ssl.cipher.suites = null
	ssl.enabled.protocols = [TLSv1.2]
	ssl.endpoint.identification.algorithm = https
	ssl.engine.factory.class = null
	ssl.key.password = null
	ssl.keymanager.algorithm = SunX509
	ssl.keystore.certificate.chain = null
	ssl.keystore.key = null
	ssl.keystore.location = null
	ssl.keystore.password = null
	ssl.keystore.type = JKS
	ssl.protocol = TLSv1.2
	ssl.provider = null
	ssl.secure.random.implementation = null
	ssl.trustmanager.algorithm = PKIX
	ssl.truststore.certificates = null
	ssl.truststore.location = null
	ssl.truststore.password = null
	ssl.truststore.type = JKS
	value.deserializer = class org.apache.kafka.common.serialization.StringDeserializer

2022-09-03 13:34:16.412  INFO 39092 --- [restartedMain] o.a.kafka.common.utils.AppInfoParser     : Kafka version: 3.1.1
2022-09-03 13:34:16.412  INFO 39092 --- [restartedMain] o.a.kafka.common.utils.AppInfoParser     : Kafka commitId: 97671528ba54a138
2022-09-03 13:34:16.412  INFO 39092 --- [restartedMain] o.a.kafka.common.utils.AppInfoParser     : Kafka startTimeMs: 1662192256411
2022-09-03 13:34:16.454  INFO 39092 --- [restartedMain] o.a.k.clients.consumer.KafkaConsumer     : [Consumer clientId=consumer-group_id-1, groupId=group_id] Subscribed to topic(s): tweetTopic
2022-09-03 13:34:16.497  INFO 39092 --- [restartedMain] o.a.k.clients.consumer.ConsumerConfig    : ConsumerConfig values: 
	allow.auto.create.topics = true
	auto.commit.interval.ms = 5000
	auto.offset.reset = earliest
	bootstrap.servers = [localhost:9092]
	check.crcs = true
	client.dns.lookup = use_all_dns_ips
	client.id = consumer-group_id-2
	client.rack = 
	connections.max.idle.ms = 540000
	default.api.timeout.ms = 60000
	enable.auto.commit = false
	exclude.internal.topics = true
	fetch.max.bytes = 52428800
	fetch.max.wait.ms = 500
	fetch.min.bytes = 1
	group.id = group_id
	group.instance.id = null
	heartbeat.interval.ms = 3000
	interceptor.classes = []
	internal.leave.group.on.close = true
	internal.throw.on.fetch.stable.offset.unsupported = false
	isolation.level = read_uncommitted
	key.deserializer = class org.apache.kafka.common.serialization.StringDeserializer
	max.partition.fetch.bytes = 1048576
	max.poll.interval.ms = 300000
	max.poll.records = 500
	metadata.max.age.ms = 300000
	metric.reporters = []
	metrics.num.samples = 2
	metrics.recording.level = INFO
	metrics.sample.window.ms = 30000
	partition.assignment.strategy = [class org.apache.kafka.clients.consumer.RangeAssignor, class org.apache.kafka.clients.consumer.CooperativeStickyAssignor]
	receive.buffer.bytes = 65536
	reconnect.backoff.max.ms = 1000
	reconnect.backoff.ms = 50
	request.timeout.ms = 30000
	retry.backoff.ms = 100
	sasl.client.callback.handler.class = null
	sasl.jaas.config = null
	sasl.kerberos.kinit.cmd = /usr/bin/kinit
	sasl.kerberos.min.time.before.relogin = 60000
	sasl.kerberos.service.name = null
	sasl.kerberos.ticket.renew.jitter = 0.05
	sasl.kerberos.ticket.renew.window.factor = 0.8
	sasl.login.callback.handler.class = null
	sasl.login.class = null
	sasl.login.connect.timeout.ms = null
	sasl.login.read.timeout.ms = null
	sasl.login.refresh.buffer.seconds = 300
	sasl.login.refresh.min.period.seconds = 60
	sasl.login.refresh.window.factor = 0.8
	sasl.login.refresh.window.jitter = 0.05
	sasl.login.retry.backoff.max.ms = 10000
	sasl.login.retry.backoff.ms = 100
	sasl.mechanism = GSSAPI
	sasl.oauthbearer.clock.skew.seconds = 30
	sasl.oauthbearer.expected.audience = null
	sasl.oauthbearer.expected.issuer = null
	sasl.oauthbearer.jwks.endpoint.refresh.ms = 3600000
	sasl.oauthbearer.jwks.endpoint.retry.backoff.max.ms = 10000
	sasl.oauthbearer.jwks.endpoint.retry.backoff.ms = 100
	sasl.oauthbearer.jwks.endpoint.url = null
	sasl.oauthbearer.scope.claim.name = scope
	sasl.oauthbearer.sub.claim.name = sub
	sasl.oauthbearer.token.endpoint.url = null
	security.protocol = PLAINTEXT
	security.providers = null
	send.buffer.bytes = 131072
	session.timeout.ms = 45000
	socket.connection.setup.timeout.max.ms = 30000
	socket.connection.setup.timeout.ms = 10000
	ssl.cipher.suites = null
	ssl.enabled.protocols = [TLSv1.2]
	ssl.endpoint.identification.algorithm = https
	ssl.engine.factory.class = null
	ssl.key.password = null
	ssl.keymanager.algorithm = SunX509
	ssl.keystore.certificate.chain = null
	ssl.keystore.key = null
	ssl.keystore.location = null
	ssl.keystore.password = null
	ssl.keystore.type = JKS
	ssl.protocol = TLSv1.2
	ssl.provider = null
	ssl.secure.random.implementation = null
	ssl.trustmanager.algorithm = PKIX
	ssl.truststore.certificates = null
	ssl.truststore.location = null
	ssl.truststore.password = null
	ssl.truststore.type = JKS
	value.deserializer = class org.apache.kafka.common.serialization.StringDeserializer

2022-09-03 13:34:16.514  INFO 39092 --- [restartedMain] o.a.kafka.common.utils.AppInfoParser     : Kafka version: 3.1.1
2022-09-03 13:34:16.515  INFO 39092 --- [restartedMain] o.a.kafka.common.utils.AppInfoParser     : Kafka commitId: 97671528ba54a138
2022-09-03 13:34:16.515  INFO 39092 --- [restartedMain] o.a.kafka.common.utils.AppInfoParser     : Kafka startTimeMs: 1662192256514
2022-09-03 13:34:16.527  INFO 39092 --- [restartedMain] o.a.k.clients.consumer.KafkaConsumer     : [Consumer clientId=consumer-group_id-2, groupId=group_id] Subscribed to topic(s): deleteTopic
2022-09-03 13:34:16.531  INFO 39092 --- [org.springframework.kafka.KafkaListenerEndpointContainer#0-0-C-1] org.apache.kafka.clients.Metadata        : [Consumer clientId=consumer-group_id-1, groupId=group_id] Resetting the last seen epoch of partition tweetTopic-0 to 0 since the associated topicId changed from null to Jy8etpO3QdiVqSaaam_HvA
2022-09-03 13:34:16.537  INFO 39092 --- [org.springframework.kafka.KafkaListenerEndpointContainer#0-0-C-1] org.apache.kafka.clients.Metadata        : [Consumer clientId=consumer-group_id-1, groupId=group_id] Cluster ID: No6Cf1pBTSaOIUFp1QU7IQ
2022-09-03 13:34:16.547  INFO 39092 --- [org.springframework.kafka.KafkaListenerEndpointContainer#0-0-C-1] o.a.k.c.c.internals.ConsumerCoordinator  : [Consumer clientId=consumer-group_id-1, groupId=group_id] Discovered group coordinator LTIN141971.cts.com:9092 (id: 2147483647 rack: null)
2022-09-03 13:34:16.550  INFO 39092 --- [org.springframework.kafka.KafkaListenerEndpointContainer#1-0-C-1] org.apache.kafka.clients.Metadata        : [Consumer clientId=consumer-group_id-2, groupId=group_id] Resetting the last seen epoch of partition deleteTopic-0 to 0 since the associated topicId changed from null to eXgFDdejSaO0gtmTGpJBrw
2022-09-03 13:34:16.551  INFO 39092 --- [org.springframework.kafka.KafkaListenerEndpointContainer#1-0-C-1] org.apache.kafka.clients.Metadata        : [Consumer clientId=consumer-group_id-2, groupId=group_id] Cluster ID: No6Cf1pBTSaOIUFp1QU7IQ
2022-09-03 13:34:16.554  INFO 39092 --- [org.springframework.kafka.KafkaListenerEndpointContainer#0-0-C-1] o.a.k.c.c.internals.ConsumerCoordinator  : [Consumer clientId=consumer-group_id-1, groupId=group_id] (Re-)joining group
2022-09-03 13:34:16.555  INFO 39092 --- [org.springframework.kafka.KafkaListenerEndpointContainer#1-0-C-1] o.a.k.c.c.internals.ConsumerCoordinator  : [Consumer clientId=consumer-group_id-2, groupId=group_id] Discovered group coordinator LTIN141971.cts.com:9092 (id: 2147483647 rack: null)
2022-09-03 13:34:16.556  INFO 39092 --- [org.springframework.kafka.KafkaListenerEndpointContainer#1-0-C-1] o.a.k.c.c.internals.ConsumerCoordinator  : [Consumer clientId=consumer-group_id-2, groupId=group_id] (Re-)joining group
2022-09-03 13:34:16.580  INFO 39092 --- [restartedMain] o.s.b.w.embedded.tomcat.TomcatWebServer  : Tomcat started on port(s): 9000 (http) with context path ''
2022-09-03 13:34:16.610  INFO 39092 --- [org.springframework.kafka.KafkaListenerEndpointContainer#0-0-C-1] o.a.k.c.c.internals.ConsumerCoordinator  : [Consumer clientId=consumer-group_id-1, groupId=group_id] Request joining group due to: need to re-join with the given member-id
2022-09-03 13:34:16.610  INFO 39092 --- [org.springframework.kafka.KafkaListenerEndpointContainer#1-0-C-1] o.a.k.c.c.internals.ConsumerCoordinator  : [Consumer clientId=consumer-group_id-2, groupId=group_id] Request joining group due to: need to re-join with the given member-id
2022-09-03 13:34:16.611  INFO 39092 --- [org.springframework.kafka.KafkaListenerEndpointContainer#1-0-C-1] o.a.k.c.c.internals.ConsumerCoordinator  : [Consumer clientId=consumer-group_id-2, groupId=group_id] (Re-)joining group
2022-09-03 13:34:16.611  INFO 39092 --- [org.springframework.kafka.KafkaListenerEndpointContainer#0-0-C-1] o.a.k.c.c.internals.ConsumerCoordinator  : [Consumer clientId=consumer-group_id-1, groupId=group_id] (Re-)joining group
2022-09-03 13:34:16.622  INFO 39092 --- [restartedMain] com.tweetapp.demo.DemoApplication        : Started DemoApplication in 12.828 seconds (JVM running for 14.122)
2022-09-03 13:34:26.100  INFO 39092 --- [org.springframework.kafka.KafkaListenerEndpointContainer#0-0-C-1] o.a.k.c.c.internals.ConsumerCoordinator  : [Consumer clientId=consumer-group_id-1, groupId=group_id] Successfully joined group with generation Generation{generationId=17, memberId='consumer-group_id-1-7c66c0b7-92bd-4247-bf24-41ae35595681', protocol='range'}
2022-09-03 13:34:26.101  INFO 39092 --- [org.springframework.kafka.KafkaListenerEndpointContainer#1-0-C-1] o.a.k.c.c.internals.ConsumerCoordinator  : [Consumer clientId=consumer-group_id-2, groupId=group_id] Successfully joined group with generation Generation{generationId=17, memberId='consumer-group_id-2-3334d789-a82c-4fda-bd0c-4635ca208071', protocol='range'}
2022-09-03 13:34:26.110  INFO 39092 --- [org.springframework.kafka.KafkaListenerEndpointContainer#0-0-C-1] org.apache.kafka.clients.Metadata        : [Consumer clientId=consumer-group_id-1, groupId=group_id] Resetting the last seen epoch of partition deleteTopic-0 to 0 since the associated topicId changed from null to eXgFDdejSaO0gtmTGpJBrw
2022-09-03 13:34:26.113  INFO 39092 --- [org.springframework.kafka.KafkaListenerEndpointContainer#0-0-C-1] o.a.k.c.c.internals.ConsumerCoordinator  : [Consumer clientId=consumer-group_id-1, groupId=group_id] Finished assignment for group at generation 17: {consumer-group_id-1-7c66c0b7-92bd-4247-bf24-41ae35595681=Assignment(partitions=[tweetTopic-0]), consumer-group_id-2-3334d789-a82c-4fda-bd0c-4635ca208071=Assignment(partitions=[deleteTopic-0])}
2022-09-03 13:34:26.138  INFO 39092 --- [org.springframework.kafka.KafkaListenerEndpointContainer#0-0-C-1] o.a.k.c.c.internals.ConsumerCoordinator  : [Consumer clientId=consumer-group_id-1, groupId=group_id] Successfully synced group in generation Generation{generationId=17, memberId='consumer-group_id-1-7c66c0b7-92bd-4247-bf24-41ae35595681', protocol='range'}
2022-09-03 13:34:26.138  INFO 39092 --- [org.springframework.kafka.KafkaListenerEndpointContainer#1-0-C-1] o.a.k.c.c.internals.ConsumerCoordinator  : [Consumer clientId=consumer-group_id-2, groupId=group_id] Successfully synced group in generation Generation{generationId=17, memberId='consumer-group_id-2-3334d789-a82c-4fda-bd0c-4635ca208071', protocol='range'}
2022-09-03 13:34:26.139  INFO 39092 --- [org.springframework.kafka.KafkaListenerEndpointContainer#0-0-C-1] o.a.k.c.c.internals.ConsumerCoordinator  : [Consumer clientId=consumer-group_id-1, groupId=group_id] Notifying assignor about the new Assignment(partitions=[tweetTopic-0])
2022-09-03 13:34:26.139  INFO 39092 --- [org.springframework.kafka.KafkaListenerEndpointContainer#1-0-C-1] o.a.k.c.c.internals.ConsumerCoordinator  : [Consumer clientId=consumer-group_id-2, groupId=group_id] Notifying assignor about the new Assignment(partitions=[deleteTopic-0])
2022-09-03 13:34:26.142  INFO 39092 --- [org.springframework.kafka.KafkaListenerEndpointContainer#0-0-C-1] o.a.k.c.c.internals.ConsumerCoordinator  : [Consumer clientId=consumer-group_id-1, groupId=group_id] Adding newly assigned partitions: tweetTopic-0
2022-09-03 13:34:26.142  INFO 39092 --- [org.springframework.kafka.KafkaListenerEndpointContainer#1-0-C-1] o.a.k.c.c.internals.ConsumerCoordinator  : [Consumer clientId=consumer-group_id-2, groupId=group_id] Adding newly assigned partitions: deleteTopic-0
2022-09-03 13:34:26.156  INFO 39092 --- [org.springframework.kafka.KafkaListenerEndpointContainer#1-0-C-1] o.a.k.c.c.internals.ConsumerCoordinator  : [Consumer clientId=consumer-group_id-2, groupId=group_id] Found no committed offset for partition deleteTopic-0
2022-09-03 13:34:26.158  INFO 39092 --- [org.springframework.kafka.KafkaListenerEndpointContainer#0-0-C-1] o.a.k.c.c.internals.ConsumerCoordinator  : [Consumer clientId=consumer-group_id-1, groupId=group_id] Setting offset for partition tweetTopic-0 to the committed offset FetchPosition{offset=1, offsetEpoch=Optional.empty, currentLeader=LeaderAndEpoch{leader=Optional[LTIN141971.cts.com:9092 (id: 0 rack: null)], epoch=0}}
2022-09-03 13:34:26.159  INFO 39092 --- [org.springframework.kafka.KafkaListenerEndpointContainer#0-0-C-1] o.s.k.l.KafkaMessageListenerContainer    : group_id: partitions assigned: [tweetTopic-0]
2022-09-03 13:34:26.170  INFO 39092 --- [org.springframework.kafka.KafkaListenerEndpointContainer#1-0-C-1] o.a.k.c.c.internals.SubscriptionState    : [Consumer clientId=consumer-group_id-2, groupId=group_id] Resetting offset for partition deleteTopic-0 to position FetchPosition{offset=0, offsetEpoch=Optional.empty, currentLeader=LeaderAndEpoch{leader=Optional[LTIN141971.cts.com:9092 (id: 0 rack: null)], epoch=0}}.
2022-09-03 13:34:26.171  INFO 39092 --- [org.springframework.kafka.KafkaListenerEndpointContainer#1-0-C-1] o.s.k.l.KafkaMessageListenerContainer    : group_id: partitions assigned: [deleteTopic-0]
2022-09-03 13:35:03.415  INFO 39092 --- [http-nio-9000-exec-10] o.a.c.c.C.[Tomcat].[localhost].[/]       : Initializing Spring DispatcherServlet 'dispatcherServlet'
2022-09-03 13:35:03.415  INFO 39092 --- [http-nio-9000-exec-10] o.s.web.servlet.DispatcherServlet        : Initializing Servlet 'dispatcherServlet'
2022-09-03 13:35:03.417  INFO 39092 --- [http-nio-9000-exec-10] o.s.web.servlet.DispatcherServlet        : Completed initialization in 2 ms
2022-09-03 13:35:03.472  WARN 39092 --- [http-nio-9000-exec-10] c.t.demo.security.JwtRequestFilter       : JWT Token does not begin with Bearer String
2022-09-03 13:35:03.720  INFO 39092 --- [http-nio-9000-exec-10] c.t.demo.controllers.UserController      : In User Controller - login
2022-09-03 13:35:03.904  INFO 39092 --- [http-nio-9000-exec-10] org.mongodb.driver.connection            : Opened connection [connectionId{localValue:3, serverValue:162}] to localhost:27017
2022-09-03 13:35:04.375  INFO 39092 --- [http-nio-9000-exec-9] c.t.demo.controllers.TweetController     : In getAll tweets
2022-09-03 13:43:16.899  INFO 39092 --- [org.springframework.kafka.KafkaListenerEndpointContainer#0-0-C-1] org.apache.kafka.clients.NetworkClient   : [Consumer clientId=consumer-group_id-1, groupId=group_id] Node -1 disconnected.
2022-09-03 13:43:17.037  INFO 39092 --- [org.springframework.kafka.KafkaListenerEndpointContainer#1-0-C-1] org.apache.kafka.clients.NetworkClient   : [Consumer clientId=consumer-group_id-2, groupId=group_id] Node -1 disconnected.
2022-09-03 13:47:42.470  INFO 39636 --- [restartedMain] com.tweetapp.demo.DemoApplication        : Starting DemoApplication using Java 1.8.0_332 on LTIN141971 with PID 39636 (C:\Users\841834\OneDrive - Cognizant\Documents\fse1_proj\java_backend\comp2REf_needed_ak\demo\target\classes started by 841834 in C:\Users\841834\OneDrive - Cognizant\Documents\fse1_proj\java_backend\comp2REf_needed_ak\demo)
2022-09-03 13:47:42.473  INFO 39636 --- [restartedMain] com.tweetapp.demo.DemoApplication        : No active profile set, falling back to 1 default profile: "default"
2022-09-03 13:47:42.636  INFO 39636 --- [restartedMain] .e.DevToolsPropertyDefaultsPostProcessor : Devtools property defaults active! Set 'spring.devtools.add-properties' to 'false' to disable
2022-09-03 13:47:42.636  INFO 39636 --- [restartedMain] .e.DevToolsPropertyDefaultsPostProcessor : For additional web related logging consider setting the 'logging.level.web' property to 'DEBUG'
2022-09-03 13:47:45.173  INFO 39636 --- [restartedMain] .s.d.r.c.RepositoryConfigurationDelegate : Bootstrapping Spring Data MongoDB repositories in DEFAULT mode.
2022-09-03 13:47:45.351  INFO 39636 --- [restartedMain] .s.d.r.c.RepositoryConfigurationDelegate : Finished Spring Data repository scanning in 165 ms. Found 2 MongoDB repository interfaces.
2022-09-03 13:47:47.411  INFO 39636 --- [restartedMain] o.s.b.w.embedded.tomcat.TomcatWebServer  : Tomcat initialized with port(s): 9000 (http)
2022-09-03 13:47:47.447  INFO 39636 --- [restartedMain] o.apache.catalina.core.StandardService   : Starting service [Tomcat]
2022-09-03 13:47:47.448  INFO 39636 --- [restartedMain] org.apache.catalina.core.StandardEngine  : Starting Servlet engine: [Apache Tomcat/9.0.65]
2022-09-03 13:47:47.694  INFO 39636 --- [restartedMain] o.a.c.c.C.[Tomcat].[localhost].[/]       : Initializing Spring embedded WebApplicationContext
2022-09-03 13:47:47.694  INFO 39636 --- [restartedMain] w.s.c.ServletWebServerApplicationContext : Root WebApplicationContext: initialization completed in 5057 ms
2022-09-03 13:47:48.744  INFO 39636 --- [restartedMain] org.mongodb.driver.client                : MongoClient with metadata {"driver": {"name": "mongo-java-driver|sync|spring-boot", "version": "4.6.1"}, "os": {"type": "Windows", "name": "Windows 10", "architecture": "amd64", "version": "10.0"}, "platform": "Java/Amazon.com Inc./1.8.0_332-b08"} created with settings MongoClientSettings{readPreference=primary, writeConcern=WriteConcern{w=null, wTimeout=null ms, journal=null}, retryWrites=true, retryReads=true, readConcern=ReadConcern{level=null}, credential=null, streamFactoryFactory=null, commandListeners=[io.micrometer.core.instrument.binder.mongodb.MongoMetricsCommandListener@74c9f1c0], codecRegistry=ProvidersCodecRegistry{codecProviders=[ValueCodecProvider{}, BsonValueCodecProvider{}, DBRefCodecProvider{}, DBObjectCodecProvider{}, DocumentCodecProvider{}, IterableCodecProvider{}, MapCodecProvider{}, GeoJsonCodecProvider{}, GridFSFileCodecProvider{}, Jsr310CodecProvider{}, JsonObjectCodecProvider{}, BsonCodecProvider{}, EnumCodecProvider{}, com.mongodb.Jep395RecordCodecProvider@67e7dea3]}, clusterSettings={hosts=[localhost:27017], srvServiceName=mongodb, mode=SINGLE, requiredClusterType=UNKNOWN, requiredReplicaSetName='null', serverSelector='null', clusterListeners='[]', serverSelectionTimeout='30000 ms', localThreshold='30000 ms'}, socketSettings=SocketSettings{connectTimeoutMS=10000, readTimeoutMS=0, receiveBufferSize=0, sendBufferSize=0}, heartbeatSocketSettings=SocketSettings{connectTimeoutMS=10000, readTimeoutMS=10000, receiveBufferSize=0, sendBufferSize=0}, connectionPoolSettings=ConnectionPoolSettings{maxSize=100, minSize=0, maxWaitTimeMS=120000, maxConnectionLifeTimeMS=0, maxConnectionIdleTimeMS=0, maintenanceInitialDelayMS=0, maintenanceFrequencyMS=60000, connectionPoolListeners=[io.micrometer.core.instrument.binder.mongodb.MongoMetricsConnectionPoolListener@7a33ba46], maxConnecting=2}, serverSettings=ServerSettings{heartbeatFrequencyMS=10000, minHeartbeatFrequencyMS=500, serverListeners='[]', serverMonitorListeners='[]'}, sslSettings=SslSettings{enabled=false, invalidHostNameAllowed=false, context=null}, applicationName='null', compressorList=[], uuidRepresentation=JAVA_LEGACY, serverApi=null, autoEncryptionSettings=null, contextProvider=null}
2022-09-03 13:47:48.768  INFO 39636 --- [cluster-rtt-ClusterId{value='63130dacc6e23a38eee86e56', description='null'}-localhost:27017] org.mongodb.driver.connection            : Opened connection [connectionId{localValue:1, serverValue:163}] to localhost:27017
2022-09-03 13:47:48.769  INFO 39636 --- [cluster-ClusterId{value='63130dacc6e23a38eee86e56', description='null'}-localhost:27017] org.mongodb.driver.connection            : Opened connection [connectionId{localValue:2, serverValue:164}] to localhost:27017
2022-09-03 13:47:48.770  INFO 39636 --- [cluster-ClusterId{value='63130dacc6e23a38eee86e56', description='null'}-localhost:27017] org.mongodb.driver.cluster               : Monitor thread successfully connected to server with description ServerDescription{address=localhost:27017, type=STANDALONE, state=CONNECTED, ok=true, minWireVersion=0, maxWireVersion=9, maxDocumentSize=16777216, logicalSessionTimeoutMinutes=30, roundTripTimeNanos=71271000}
2022-09-03 13:47:49.843  INFO 39636 --- [restartedMain] o.s.b.d.a.OptionalLiveReloadServer       : LiveReload server is running on port 35729
2022-09-03 13:47:50.609  INFO 39636 --- [restartedMain] o.s.b.a.e.web.EndpointLinksResolver      : Exposing 1 endpoint(s) beneath base path '/actuator'
2022-09-03 13:47:51.056  WARN 39636 --- [restartedMain] o.s.s.c.a.web.builders.WebSecurity       : You are asking Spring Security to ignore Ant [pattern='/swagger-ui/**']. This is not recommended -- please use permitAll via HttpSecurity#authorizeHttpRequests instead.
2022-09-03 13:47:51.058  INFO 39636 --- [restartedMain] o.s.s.web.DefaultSecurityFilterChain     : Will not secure Ant [pattern='/swagger-ui/**']
2022-09-03 13:47:51.059  WARN 39636 --- [restartedMain] o.s.s.c.a.web.builders.WebSecurity       : You are asking Spring Security to ignore Ant [pattern='/v3/api-docs/**']. This is not recommended -- please use permitAll via HttpSecurity#authorizeHttpRequests instead.
2022-09-03 13:47:51.060  INFO 39636 --- [restartedMain] o.s.s.web.DefaultSecurityFilterChain     : Will not secure Ant [pattern='/v3/api-docs/**']
2022-09-03 13:47:51.061  WARN 39636 --- [restartedMain] o.s.s.c.a.web.builders.WebSecurity       : You are asking Spring Security to ignore Ant [pattern='/actuator/health/**']. This is not recommended -- please use permitAll via HttpSecurity#authorizeHttpRequests instead.
2022-09-03 13:47:51.061  INFO 39636 --- [restartedMain] o.s.s.web.DefaultSecurityFilterChain     : Will not secure Ant [pattern='/actuator/health/**']
2022-09-03 13:47:51.061  WARN 39636 --- [restartedMain] o.s.s.c.a.web.builders.WebSecurity       : You are asking Spring Security to ignore Ant [pattern='/actuator']. This is not recommended -- please use permitAll via HttpSecurity#authorizeHttpRequests instead.
2022-09-03 13:47:51.062  INFO 39636 --- [restartedMain] o.s.s.web.DefaultSecurityFilterChain     : Will not secure Ant [pattern='/actuator']
2022-09-03 13:47:52.867  INFO 39636 --- [restartedMain] o.s.s.web.DefaultSecurityFilterChain     : Will secure any request with [org.springframework.security.web.session.DisableEncodeUrlFilter@2157ee0, org.springframework.security.web.context.request.async.WebAsyncManagerIntegrationFilter@3951a0b0, org.springframework.security.web.context.SecurityContextPersistenceFilter@4426d64f, org.springframework.security.web.header.HeaderWriterFilter@28bd6e6f, org.springframework.web.filter.CorsFilter@5c7143f8, org.springframework.security.web.authentication.logout.LogoutFilter@17b28a3c, com.tweetapp.demo.security.JwtRequestFilter@1632c42f, org.springframework.security.web.savedrequest.RequestCacheAwareFilter@352a495e, org.springframework.security.web.servletapi.SecurityContextHolderAwareRequestFilter@6a640304, org.springframework.security.web.authentication.AnonymousAuthenticationFilter@35e0d630, org.springframework.security.web.session.SessionManagementFilter@1d91a9ae, org.springframework.security.web.access.ExceptionTranslationFilter@4d00fe9e, org.springframework.security.web.access.intercept.FilterSecurityInterceptor@261a3c09]
2022-09-03 13:47:53.851  INFO 39636 --- [restartedMain] o.a.k.clients.admin.AdminClientConfig    : AdminClientConfig values: 
	bootstrap.servers = [localhost:9092]
	client.dns.lookup = use_all_dns_ips
	client.id = 
	connections.max.idle.ms = 300000
	default.api.timeout.ms = 60000
	metadata.max.age.ms = 300000
	metric.reporters = []
	metrics.num.samples = 2
	metrics.recording.level = INFO
	metrics.sample.window.ms = 30000
	receive.buffer.bytes = 65536
	reconnect.backoff.max.ms = 1000
	reconnect.backoff.ms = 50
	request.timeout.ms = 30000
	retries = 2147483647
	retry.backoff.ms = 100
	sasl.client.callback.handler.class = null
	sasl.jaas.config = null
	sasl.kerberos.kinit.cmd = /usr/bin/kinit
	sasl.kerberos.min.time.before.relogin = 60000
	sasl.kerberos.service.name = null
	sasl.kerberos.ticket.renew.jitter = 0.05
	sasl.kerberos.ticket.renew.window.factor = 0.8
	sasl.login.callback.handler.class = null
	sasl.login.class = null
	sasl.login.connect.timeout.ms = null
	sasl.login.read.timeout.ms = null
	sasl.login.refresh.buffer.seconds = 300
	sasl.login.refresh.min.period.seconds = 60
	sasl.login.refresh.window.factor = 0.8
	sasl.login.refresh.window.jitter = 0.05
	sasl.login.retry.backoff.max.ms = 10000
	sasl.login.retry.backoff.ms = 100
	sasl.mechanism = GSSAPI
	sasl.oauthbearer.clock.skew.seconds = 30
	sasl.oauthbearer.expected.audience = null
	sasl.oauthbearer.expected.issuer = null
	sasl.oauthbearer.jwks.endpoint.refresh.ms = 3600000
	sasl.oauthbearer.jwks.endpoint.retry.backoff.max.ms = 10000
	sasl.oauthbearer.jwks.endpoint.retry.backoff.ms = 100
	sasl.oauthbearer.jwks.endpoint.url = null
	sasl.oauthbearer.scope.claim.name = scope
	sasl.oauthbearer.sub.claim.name = sub
	sasl.oauthbearer.token.endpoint.url = null
	security.protocol = PLAINTEXT
	security.providers = null
	send.buffer.bytes = 131072
	socket.connection.setup.timeout.max.ms = 30000
	socket.connection.setup.timeout.ms = 10000
	ssl.cipher.suites = null
	ssl.enabled.protocols = [TLSv1.2]
	ssl.endpoint.identification.algorithm = https
	ssl.engine.factory.class = null
	ssl.key.password = null
	ssl.keymanager.algorithm = SunX509
	ssl.keystore.certificate.chain = null
	ssl.keystore.key = null
	ssl.keystore.location = null
	ssl.keystore.password = null
	ssl.keystore.type = JKS
	ssl.protocol = TLSv1.2
	ssl.provider = null
	ssl.secure.random.implementation = null
	ssl.trustmanager.algorithm = PKIX
	ssl.truststore.certificates = null
	ssl.truststore.location = null
	ssl.truststore.password = null
	ssl.truststore.type = JKS

2022-09-03 13:47:54.193  INFO 39636 --- [restartedMain] o.a.kafka.common.utils.AppInfoParser     : Kafka version: 3.1.1
2022-09-03 13:47:54.196  INFO 39636 --- [restartedMain] o.a.kafka.common.utils.AppInfoParser     : Kafka commitId: 97671528ba54a138
2022-09-03 13:47:54.196  INFO 39636 --- [restartedMain] o.a.kafka.common.utils.AppInfoParser     : Kafka startTimeMs: 1662193074189
2022-09-03 13:47:55.325  INFO 39636 --- [kafka-admin-client-thread | adminclient-1] o.a.kafka.common.utils.AppInfoParser     : App info kafka.admin.client for adminclient-1 unregistered
2022-09-03 13:47:55.335  INFO 39636 --- [kafka-admin-client-thread | adminclient-1] org.apache.kafka.common.metrics.Metrics  : Metrics scheduler closed
2022-09-03 13:47:55.336  INFO 39636 --- [kafka-admin-client-thread | adminclient-1] org.apache.kafka.common.metrics.Metrics  : Closing reporter org.apache.kafka.common.metrics.JmxReporter
2022-09-03 13:47:55.336  INFO 39636 --- [kafka-admin-client-thread | adminclient-1] org.apache.kafka.common.metrics.Metrics  : Metrics reporters closed
2022-09-03 13:47:55.407  INFO 39636 --- [restartedMain] o.a.k.clients.consumer.ConsumerConfig    : ConsumerConfig values: 
	allow.auto.create.topics = true
	auto.commit.interval.ms = 5000
	auto.offset.reset = earliest
	bootstrap.servers = [localhost:9092]
	check.crcs = true
	client.dns.lookup = use_all_dns_ips
	client.id = consumer-group_id-1
	client.rack = 
	connections.max.idle.ms = 540000
	default.api.timeout.ms = 60000
	enable.auto.commit = false
	exclude.internal.topics = true
	fetch.max.bytes = 52428800
	fetch.max.wait.ms = 500
	fetch.min.bytes = 1
	group.id = group_id
	group.instance.id = null
	heartbeat.interval.ms = 3000
	interceptor.classes = []
	internal.leave.group.on.close = true
	internal.throw.on.fetch.stable.offset.unsupported = false
	isolation.level = read_uncommitted
	key.deserializer = class org.apache.kafka.common.serialization.StringDeserializer
	max.partition.fetch.bytes = 1048576
	max.poll.interval.ms = 300000
	max.poll.records = 500
	metadata.max.age.ms = 300000
	metric.reporters = []
	metrics.num.samples = 2
	metrics.recording.level = INFO
	metrics.sample.window.ms = 30000
	partition.assignment.strategy = [class org.apache.kafka.clients.consumer.RangeAssignor, class org.apache.kafka.clients.consumer.CooperativeStickyAssignor]
	receive.buffer.bytes = 65536
	reconnect.backoff.max.ms = 1000
	reconnect.backoff.ms = 50
	request.timeout.ms = 30000
	retry.backoff.ms = 100
	sasl.client.callback.handler.class = null
	sasl.jaas.config = null
	sasl.kerberos.kinit.cmd = /usr/bin/kinit
	sasl.kerberos.min.time.before.relogin = 60000
	sasl.kerberos.service.name = null
	sasl.kerberos.ticket.renew.jitter = 0.05
	sasl.kerberos.ticket.renew.window.factor = 0.8
	sasl.login.callback.handler.class = null
	sasl.login.class = null
	sasl.login.connect.timeout.ms = null
	sasl.login.read.timeout.ms = null
	sasl.login.refresh.buffer.seconds = 300
	sasl.login.refresh.min.period.seconds = 60
	sasl.login.refresh.window.factor = 0.8
	sasl.login.refresh.window.jitter = 0.05
	sasl.login.retry.backoff.max.ms = 10000
	sasl.login.retry.backoff.ms = 100
	sasl.mechanism = GSSAPI
	sasl.oauthbearer.clock.skew.seconds = 30
	sasl.oauthbearer.expected.audience = null
	sasl.oauthbearer.expected.issuer = null
	sasl.oauthbearer.jwks.endpoint.refresh.ms = 3600000
	sasl.oauthbearer.jwks.endpoint.retry.backoff.max.ms = 10000
	sasl.oauthbearer.jwks.endpoint.retry.backoff.ms = 100
	sasl.oauthbearer.jwks.endpoint.url = null
	sasl.oauthbearer.scope.claim.name = scope
	sasl.oauthbearer.sub.claim.name = sub
	sasl.oauthbearer.token.endpoint.url = null
	security.protocol = PLAINTEXT
	security.providers = null
	send.buffer.bytes = 131072
	session.timeout.ms = 45000
	socket.connection.setup.timeout.max.ms = 30000
	socket.connection.setup.timeout.ms = 10000
	ssl.cipher.suites = null
	ssl.enabled.protocols = [TLSv1.2]
	ssl.endpoint.identification.algorithm = https
	ssl.engine.factory.class = null
	ssl.key.password = null
	ssl.keymanager.algorithm = SunX509
	ssl.keystore.certificate.chain = null
	ssl.keystore.key = null
	ssl.keystore.location = null
	ssl.keystore.password = null
	ssl.keystore.type = JKS
	ssl.protocol = TLSv1.2
	ssl.provider = null
	ssl.secure.random.implementation = null
	ssl.trustmanager.algorithm = PKIX
	ssl.truststore.certificates = null
	ssl.truststore.location = null
	ssl.truststore.password = null
	ssl.truststore.type = JKS
	value.deserializer = class org.apache.kafka.common.serialization.StringDeserializer

2022-09-03 13:47:55.505  INFO 39636 --- [restartedMain] o.a.kafka.common.utils.AppInfoParser     : Kafka version: 3.1.1
2022-09-03 13:47:55.506  INFO 39636 --- [restartedMain] o.a.kafka.common.utils.AppInfoParser     : Kafka commitId: 97671528ba54a138
2022-09-03 13:47:55.506  INFO 39636 --- [restartedMain] o.a.kafka.common.utils.AppInfoParser     : Kafka startTimeMs: 1662193075505
2022-09-03 13:47:55.546  INFO 39636 --- [restartedMain] o.a.k.clients.consumer.KafkaConsumer     : [Consumer clientId=consumer-group_id-1, groupId=group_id] Subscribed to topic(s): tweetTopic
2022-09-03 13:47:55.577  INFO 39636 --- [restartedMain] o.a.k.clients.consumer.ConsumerConfig    : ConsumerConfig values: 
	allow.auto.create.topics = true
	auto.commit.interval.ms = 5000
	auto.offset.reset = earliest
	bootstrap.servers = [localhost:9092]
	check.crcs = true
	client.dns.lookup = use_all_dns_ips
	client.id = consumer-group_id-2
	client.rack = 
	connections.max.idle.ms = 540000
	default.api.timeout.ms = 60000
	enable.auto.commit = false
	exclude.internal.topics = true
	fetch.max.bytes = 52428800
	fetch.max.wait.ms = 500
	fetch.min.bytes = 1
	group.id = group_id
	group.instance.id = null
	heartbeat.interval.ms = 3000
	interceptor.classes = []
	internal.leave.group.on.close = true
	internal.throw.on.fetch.stable.offset.unsupported = false
	isolation.level = read_uncommitted
	key.deserializer = class org.apache.kafka.common.serialization.StringDeserializer
	max.partition.fetch.bytes = 1048576
	max.poll.interval.ms = 300000
	max.poll.records = 500
	metadata.max.age.ms = 300000
	metric.reporters = []
	metrics.num.samples = 2
	metrics.recording.level = INFO
	metrics.sample.window.ms = 30000
	partition.assignment.strategy = [class org.apache.kafka.clients.consumer.RangeAssignor, class org.apache.kafka.clients.consumer.CooperativeStickyAssignor]
	receive.buffer.bytes = 65536
	reconnect.backoff.max.ms = 1000
	reconnect.backoff.ms = 50
	request.timeout.ms = 30000
	retry.backoff.ms = 100
	sasl.client.callback.handler.class = null
	sasl.jaas.config = null
	sasl.kerberos.kinit.cmd = /usr/bin/kinit
	sasl.kerberos.min.time.before.relogin = 60000
	sasl.kerberos.service.name = null
	sasl.kerberos.ticket.renew.jitter = 0.05
	sasl.kerberos.ticket.renew.window.factor = 0.8
	sasl.login.callback.handler.class = null
	sasl.login.class = null
	sasl.login.connect.timeout.ms = null
	sasl.login.read.timeout.ms = null
	sasl.login.refresh.buffer.seconds = 300
	sasl.login.refresh.min.period.seconds = 60
	sasl.login.refresh.window.factor = 0.8
	sasl.login.refresh.window.jitter = 0.05
	sasl.login.retry.backoff.max.ms = 10000
	sasl.login.retry.backoff.ms = 100
	sasl.mechanism = GSSAPI
	sasl.oauthbearer.clock.skew.seconds = 30
	sasl.oauthbearer.expected.audience = null
	sasl.oauthbearer.expected.issuer = null
	sasl.oauthbearer.jwks.endpoint.refresh.ms = 3600000
	sasl.oauthbearer.jwks.endpoint.retry.backoff.max.ms = 10000
	sasl.oauthbearer.jwks.endpoint.retry.backoff.ms = 100
	sasl.oauthbearer.jwks.endpoint.url = null
	sasl.oauthbearer.scope.claim.name = scope
	sasl.oauthbearer.sub.claim.name = sub
	sasl.oauthbearer.token.endpoint.url = null
	security.protocol = PLAINTEXT
	security.providers = null
	send.buffer.bytes = 131072
	session.timeout.ms = 45000
	socket.connection.setup.timeout.max.ms = 30000
	socket.connection.setup.timeout.ms = 10000
	ssl.cipher.suites = null
	ssl.enabled.protocols = [TLSv1.2]
	ssl.endpoint.identification.algorithm = https
	ssl.engine.factory.class = null
	ssl.key.password = null
	ssl.keymanager.algorithm = SunX509
	ssl.keystore.certificate.chain = null
	ssl.keystore.key = null
	ssl.keystore.location = null
	ssl.keystore.password = null
	ssl.keystore.type = JKS
	ssl.protocol = TLSv1.2
	ssl.provider = null
	ssl.secure.random.implementation = null
	ssl.trustmanager.algorithm = PKIX
	ssl.truststore.certificates = null
	ssl.truststore.location = null
	ssl.truststore.password = null
	ssl.truststore.type = JKS
	value.deserializer = class org.apache.kafka.common.serialization.StringDeserializer

2022-09-03 13:47:55.591  INFO 39636 --- [restartedMain] o.a.kafka.common.utils.AppInfoParser     : Kafka version: 3.1.1
2022-09-03 13:47:55.591  INFO 39636 --- [restartedMain] o.a.kafka.common.utils.AppInfoParser     : Kafka commitId: 97671528ba54a138
2022-09-03 13:47:55.591  INFO 39636 --- [restartedMain] o.a.kafka.common.utils.AppInfoParser     : Kafka startTimeMs: 1662193075591
2022-09-03 13:47:55.606  INFO 39636 --- [restartedMain] o.a.k.clients.consumer.KafkaConsumer     : [Consumer clientId=consumer-group_id-2, groupId=group_id] Subscribed to topic(s): deleteTopic
2022-09-03 13:47:55.606  INFO 39636 --- [org.springframework.kafka.KafkaListenerEndpointContainer#0-0-C-1] org.apache.kafka.clients.Metadata        : [Consumer clientId=consumer-group_id-1, groupId=group_id] Resetting the last seen epoch of partition tweetTopic-0 to 0 since the associated topicId changed from null to Jy8etpO3QdiVqSaaam_HvA
2022-09-03 13:47:55.609  INFO 39636 --- [org.springframework.kafka.KafkaListenerEndpointContainer#0-0-C-1] org.apache.kafka.clients.Metadata        : [Consumer clientId=consumer-group_id-1, groupId=group_id] Cluster ID: No6Cf1pBTSaOIUFp1QU7IQ
2022-09-03 13:47:55.625  INFO 39636 --- [org.springframework.kafka.KafkaListenerEndpointContainer#1-0-C-1] org.apache.kafka.clients.Metadata        : [Consumer clientId=consumer-group_id-2, groupId=group_id] Resetting the last seen epoch of partition deleteTopic-0 to 0 since the associated topicId changed from null to eXgFDdejSaO0gtmTGpJBrw
2022-09-03 13:47:55.626  INFO 39636 --- [org.springframework.kafka.KafkaListenerEndpointContainer#1-0-C-1] org.apache.kafka.clients.Metadata        : [Consumer clientId=consumer-group_id-2, groupId=group_id] Cluster ID: No6Cf1pBTSaOIUFp1QU7IQ
2022-09-03 13:47:55.633  INFO 39636 --- [org.springframework.kafka.KafkaListenerEndpointContainer#1-0-C-1] o.a.k.c.c.internals.ConsumerCoordinator  : [Consumer clientId=consumer-group_id-2, groupId=group_id] Discovered group coordinator LTIN141971.cts.com:9092 (id: 2147483647 rack: null)
2022-09-03 13:47:55.633  INFO 39636 --- [org.springframework.kafka.KafkaListenerEndpointContainer#0-0-C-1] o.a.k.c.c.internals.ConsumerCoordinator  : [Consumer clientId=consumer-group_id-1, groupId=group_id] Discovered group coordinator LTIN141971.cts.com:9092 (id: 2147483647 rack: null)
2022-09-03 13:47:55.639  INFO 39636 --- [org.springframework.kafka.KafkaListenerEndpointContainer#1-0-C-1] o.a.k.c.c.internals.ConsumerCoordinator  : [Consumer clientId=consumer-group_id-2, groupId=group_id] (Re-)joining group
2022-09-03 13:47:55.639  INFO 39636 --- [org.springframework.kafka.KafkaListenerEndpointContainer#0-0-C-1] o.a.k.c.c.internals.ConsumerCoordinator  : [Consumer clientId=consumer-group_id-1, groupId=group_id] (Re-)joining group
2022-09-03 13:47:55.653  INFO 39636 --- [restartedMain] o.s.b.w.embedded.tomcat.TomcatWebServer  : Tomcat started on port(s): 9000 (http) with context path ''
2022-09-03 13:47:55.686  INFO 39636 --- [org.springframework.kafka.KafkaListenerEndpointContainer#1-0-C-1] o.a.k.c.c.internals.ConsumerCoordinator  : [Consumer clientId=consumer-group_id-2, groupId=group_id] Request joining group due to: need to re-join with the given member-id
2022-09-03 13:47:55.687  INFO 39636 --- [org.springframework.kafka.KafkaListenerEndpointContainer#1-0-C-1] o.a.k.c.c.internals.ConsumerCoordinator  : [Consumer clientId=consumer-group_id-2, groupId=group_id] (Re-)joining group
2022-09-03 13:47:55.688  INFO 39636 --- [org.springframework.kafka.KafkaListenerEndpointContainer#0-0-C-1] o.a.k.c.c.internals.ConsumerCoordinator  : [Consumer clientId=consumer-group_id-1, groupId=group_id] Request joining group due to: need to re-join with the given member-id
2022-09-03 13:47:55.691  INFO 39636 --- [org.springframework.kafka.KafkaListenerEndpointContainer#0-0-C-1] o.a.k.c.c.internals.ConsumerCoordinator  : [Consumer clientId=consumer-group_id-1, groupId=group_id] (Re-)joining group
2022-09-03 13:47:55.694  INFO 39636 --- [restartedMain] com.tweetapp.demo.DemoApplication        : Started DemoApplication in 14.7 seconds (JVM running for 16.244)
2022-09-03 13:48:12.472  INFO 39636 --- [http-nio-9000-exec-6] o.a.c.c.C.[Tomcat].[localhost].[/]       : Initializing Spring DispatcherServlet 'dispatcherServlet'
2022-09-03 13:48:12.472  INFO 39636 --- [http-nio-9000-exec-6] o.s.web.servlet.DispatcherServlet        : Initializing Servlet 'dispatcherServlet'
2022-09-03 13:48:12.473  INFO 39636 --- [http-nio-9000-exec-6] o.s.web.servlet.DispatcherServlet        : Completed initialization in 1 ms
2022-09-03 13:48:12.520  WARN 39636 --- [http-nio-9000-exec-6] c.t.demo.security.JwtRequestFilter       : JWT Token does not begin with Bearer String
2022-09-03 13:48:12.742  INFO 39636 --- [http-nio-9000-exec-6] c.t.demo.controllers.UserController      : In User Controller - login
2022-09-03 13:48:12.837  INFO 39636 --- [http-nio-9000-exec-6] org.mongodb.driver.connection            : Opened connection [connectionId{localValue:3, serverValue:165}] to localhost:27017
2022-09-03 13:48:13.058  INFO 39636 --- [http-nio-9000-exec-7] c.t.demo.controllers.TweetController     : In getAll tweets
2022-09-03 13:48:16.342  INFO 39636 --- [org.springframework.kafka.KafkaListenerEndpointContainer#0-0-C-1] o.a.k.c.c.internals.ConsumerCoordinator  : [Consumer clientId=consumer-group_id-1, groupId=group_id] Successfully joined group with generation Generation{generationId=18, memberId='consumer-group_id-1-8f1ba7c0-a3a6-4ecc-8d14-069b278c3fa9', protocol='range'}
2022-09-03 13:48:16.342  INFO 39636 --- [org.springframework.kafka.KafkaListenerEndpointContainer#1-0-C-1] o.a.k.c.c.internals.ConsumerCoordinator  : [Consumer clientId=consumer-group_id-2, groupId=group_id] Successfully joined group with generation Generation{generationId=18, memberId='consumer-group_id-2-70176e81-c53e-473b-9d1a-0cb2e8bd7d18', protocol='range'}
2022-09-03 13:48:16.351  INFO 39636 --- [org.springframework.kafka.KafkaListenerEndpointContainer#1-0-C-1] org.apache.kafka.clients.Metadata        : [Consumer clientId=consumer-group_id-2, groupId=group_id] Resetting the last seen epoch of partition tweetTopic-0 to 0 since the associated topicId changed from null to Jy8etpO3QdiVqSaaam_HvA
2022-09-03 13:48:16.355  INFO 39636 --- [org.springframework.kafka.KafkaListenerEndpointContainer#1-0-C-1] o.a.k.c.c.internals.ConsumerCoordinator  : [Consumer clientId=consumer-group_id-2, groupId=group_id] Finished assignment for group at generation 18: {consumer-group_id-2-70176e81-c53e-473b-9d1a-0cb2e8bd7d18=Assignment(partitions=[deleteTopic-0]), consumer-group_id-1-8f1ba7c0-a3a6-4ecc-8d14-069b278c3fa9=Assignment(partitions=[tweetTopic-0])}
2022-09-03 13:48:16.374  INFO 39636 --- [org.springframework.kafka.KafkaListenerEndpointContainer#0-0-C-1] o.a.k.c.c.internals.ConsumerCoordinator  : [Consumer clientId=consumer-group_id-1, groupId=group_id] Successfully synced group in generation Generation{generationId=18, memberId='consumer-group_id-1-8f1ba7c0-a3a6-4ecc-8d14-069b278c3fa9', protocol='range'}
2022-09-03 13:48:16.374  INFO 39636 --- [org.springframework.kafka.KafkaListenerEndpointContainer#1-0-C-1] o.a.k.c.c.internals.ConsumerCoordinator  : [Consumer clientId=consumer-group_id-2, groupId=group_id] Successfully synced group in generation Generation{generationId=18, memberId='consumer-group_id-2-70176e81-c53e-473b-9d1a-0cb2e8bd7d18', protocol='range'}
2022-09-03 13:48:16.375  INFO 39636 --- [org.springframework.kafka.KafkaListenerEndpointContainer#1-0-C-1] o.a.k.c.c.internals.ConsumerCoordinator  : [Consumer clientId=consumer-group_id-2, groupId=group_id] Notifying assignor about the new Assignment(partitions=[deleteTopic-0])
2022-09-03 13:48:16.375  INFO 39636 --- [org.springframework.kafka.KafkaListenerEndpointContainer#0-0-C-1] o.a.k.c.c.internals.ConsumerCoordinator  : [Consumer clientId=consumer-group_id-1, groupId=group_id] Notifying assignor about the new Assignment(partitions=[tweetTopic-0])
2022-09-03 13:48:16.378  INFO 39636 --- [org.springframework.kafka.KafkaListenerEndpointContainer#1-0-C-1] o.a.k.c.c.internals.ConsumerCoordinator  : [Consumer clientId=consumer-group_id-2, groupId=group_id] Adding newly assigned partitions: deleteTopic-0
2022-09-03 13:48:16.378  INFO 39636 --- [org.springframework.kafka.KafkaListenerEndpointContainer#0-0-C-1] o.a.k.c.c.internals.ConsumerCoordinator  : [Consumer clientId=consumer-group_id-1, groupId=group_id] Adding newly assigned partitions: tweetTopic-0
2022-09-03 13:48:16.389  INFO 39636 --- [org.springframework.kafka.KafkaListenerEndpointContainer#1-0-C-1] o.a.k.c.c.internals.ConsumerCoordinator  : [Consumer clientId=consumer-group_id-2, groupId=group_id] Found no committed offset for partition deleteTopic-0
2022-09-03 13:48:16.391  INFO 39636 --- [org.springframework.kafka.KafkaListenerEndpointContainer#0-0-C-1] o.a.k.c.c.internals.ConsumerCoordinator  : [Consumer clientId=consumer-group_id-1, groupId=group_id] Setting offset for partition tweetTopic-0 to the committed offset FetchPosition{offset=1, offsetEpoch=Optional.empty, currentLeader=LeaderAndEpoch{leader=Optional[LTIN141971.cts.com:9092 (id: 0 rack: null)], epoch=0}}
2022-09-03 13:48:16.392  INFO 39636 --- [org.springframework.kafka.KafkaListenerEndpointContainer#0-0-C-1] o.s.k.l.KafkaMessageListenerContainer    : group_id: partitions assigned: [tweetTopic-0]
2022-09-03 13:48:16.400  INFO 39636 --- [org.springframework.kafka.KafkaListenerEndpointContainer#1-0-C-1] o.a.k.c.c.internals.SubscriptionState    : [Consumer clientId=consumer-group_id-2, groupId=group_id] Resetting offset for partition deleteTopic-0 to position FetchPosition{offset=0, offsetEpoch=Optional.empty, currentLeader=LeaderAndEpoch{leader=Optional[LTIN141971.cts.com:9092 (id: 0 rack: null)], epoch=0}}.
2022-09-03 13:48:16.400  INFO 39636 --- [org.springframework.kafka.KafkaListenerEndpointContainer#1-0-C-1] o.s.k.l.KafkaMessageListenerContainer    : group_id: partitions assigned: [deleteTopic-0]
2022-09-03 13:48:30.103  WARN 39636 --- [http-nio-9000-exec-5] c.t.demo.security.JwtRequestFilter       : JWT Token does not begin with Bearer String
2022-09-03 13:48:30.164  WARN 39636 --- [http-nio-9000-exec-2] c.t.demo.security.JwtRequestFilter       : JWT Token does not begin with Bearer String
2022-09-03 13:48:30.718  INFO 39636 --- [http-nio-9000-exec-2] o.springdoc.api.AbstractOpenApiResource  : Init duration for springdoc-openapi is: 535 ms
